13:46:49:903  INFO 17500 --- [main] com.hmall.pay.PayApplication             : The following 1 profile is active: "local"
13:46:56:299  INFO 17500 --- [main] o.s.cloud.context.scope.GenericScope     : BeanFactory id=2f3a11c5-914f-3416-8d7c-08ded24b4972
13:46:58:007  INFO 17500 --- [main] o.s.b.w.embedded.tomcat.TomcatWebServer  : Tomcat initialized with port(s): 8086 (http)
13:46:58:046  INFO 17500 --- [main] o.apache.catalina.core.StandardService   : Starting service [Tomcat]
13:46:58:047  INFO 17500 --- [main] org.apache.catalina.core.StandardEngine  : Starting Servlet engine: [Apache Tomcat/9.0.75]
13:46:58:471  INFO 17500 --- [main] o.a.c.c.C.[Tomcat].[localhost].[/]       : Initializing Spring embedded WebApplicationContext
13:46:58:471  INFO 17500 --- [main] w.s.c.ServletWebServerApplicationContext : Root WebApplicationContext: initialization completed in 8442 ms
13:46:59:014  INFO 17500 --- [main] o.s.c.openfeign.FeignClientFactoryBean   : For 'user-service' URL not provided. Will try picking an instance via load-balancing.
13:46:59:125  INFO 17500 --- [main] o.s.c.openfeign.FeignClientFactoryBean   : For 'trade-service' URL not provided. Will try picking an instance via load-balancing.
13:47:01:600  INFO 17500 --- [main] pertySourcedRequestMappingHandlerMapping : Mapped URL path [/v2/api-docs] onto method [springfox.documentation.swagger2.web.Swagger2ControllerWebMvc#getDocumentation(String, HttpServletRequest)]
13:47:02:855  INFO 17500 --- [main] com.alibaba.nacos.common.remote.client   : [RpcClientFactory] create a new rpc client of c6ded89b-1001-4163-aeca-454647ccc831
13:47:02:855  INFO 17500 --- [main] com.alibaba.nacos.common.remote.client   : [c6ded89b-1001-4163-aeca-454647ccc831] RpcClient init label, labels = {module=naming, source=sdk}
13:47:02:860  INFO 17500 --- [main] com.alibaba.nacos.common.remote.client   : [c6ded89b-1001-4163-aeca-454647ccc831] RpcClient init, ServerListFactory = com.alibaba.nacos.client.naming.core.ServerListManager
13:47:02:861  INFO 17500 --- [main] com.alibaba.nacos.common.remote.client   : [c6ded89b-1001-4163-aeca-454647ccc831] Registry connection listener to current client:com.alibaba.nacos.client.naming.remote.gprc.redo.NamingGrpcRedoService
13:47:02:862  INFO 17500 --- [main] com.alibaba.nacos.common.remote.client   : [c6ded89b-1001-4163-aeca-454647ccc831] Register server push request handler:com.alibaba.nacos.client.naming.remote.gprc.NamingPushRequestHandler
13:47:02:864  INFO 17500 --- [main] com.alibaba.nacos.common.remote.client   : [c6ded89b-1001-4163-aeca-454647ccc831] Try to connect to server on start up, server: {serverIp = '192.168.26.131', server main port = 8848}
13:47:03:031  INFO 17500 --- [main] com.alibaba.nacos.common.remote.client   : [c6ded89b-1001-4163-aeca-454647ccc831] Success to connect to server [192.168.26.131:8848] on start up, connectionId = 1777182422667_192.168.26.1_56206
13:47:03:032  INFO 17500 --- [main] com.alibaba.nacos.common.remote.client   : [c6ded89b-1001-4163-aeca-454647ccc831] Register server push request handler:com.alibaba.nacos.common.remote.client.RpcClient$ConnectResetRequestHandler
13:47:03:032  INFO 17500 --- [com.alibaba.nacos.client.remote.worker] com.alibaba.nacos.common.remote.client   : [c6ded89b-1001-4163-aeca-454647ccc831] Notify connected event to listeners.
13:47:03:033  INFO 17500 --- [main] com.alibaba.nacos.common.remote.client   : [c6ded89b-1001-4163-aeca-454647ccc831] Register server push request handler:com.alibaba.nacos.common.remote.client.RpcClient$$Lambda$484/0x00000297944cc200
13:47:03:180  INFO 17500 --- [main] o.s.b.w.embedded.tomcat.TomcatWebServer  : Tomcat started on port(s): 8086 (http) with context path ''
13:47:03:211  INFO 17500 --- [main] c.a.c.n.registry.NacosServiceRegistry    : nacos registry, DEFAULT_GROUP pay-service 192.168.44.1:8086 register finished
13:47:03:710  INFO 17500 --- [nacos-grpc-client-executor-7] com.alibaba.nacos.common.remote.client   : [c6ded89b-1001-4163-aeca-454647ccc831] Receive server push request, request = NotifySubscriberRequest, requestId = 5
13:47:03:739  INFO 17500 --- [nacos-grpc-client-executor-7] com.alibaba.nacos.common.remote.client   : [c6ded89b-1001-4163-aeca-454647ccc831] Ack server push request, request = NotifySubscriberRequest, requestId = 5
13:47:03:855  INFO 17500 --- [main] d.s.w.p.DocumentationPluginsBootstrapper : Documentation plugins bootstrapped
13:47:03:864  INFO 17500 --- [main] d.s.w.p.DocumentationPluginsBootstrapper : Found 1 custom documentation plugin(s)
13:47:03:940  INFO 17500 --- [main] s.d.s.w.s.ApiListingReferenceScanner     : Scanning for api listing references
13:47:04:324  INFO 17500 --- [main] com.hmall.pay.PayApplication             : Started PayApplication in 24.132 seconds (JVM running for 26.728)
13:47:04:342  INFO 17500 --- [main] c.a.c.n.refresh.NacosContextRefresher    : [Nacos Config] Listening config: dataId=pay-service, group=DEFAULT_GROUP
13:47:04:344  INFO 17500 --- [main] c.a.c.n.refresh.NacosContextRefresher    : [Nacos Config] Listening config: dataId=pay-service.yaml, group=DEFAULT_GROUP
13:47:04:345  INFO 17500 --- [main] c.a.c.n.refresh.NacosContextRefresher    : [Nacos Config] Listening config: dataId=pay-service-local.yaml, group=DEFAULT_GROUP
14:47:44:523  WARN 17500 --- [Thread-1] c.a.n.common.http.HttpClientBeanHolder   : [HttpClientBeanHolder] Start destroying common HttpClient
14:47:44:523  WARN 17500 --- [Thread-5] c.a.nacos.common.notify.NotifyCenter     : [NotifyCenter] Start destroying Publisher
14:47:44:526  WARN 17500 --- [Thread-5] c.a.nacos.common.notify.NotifyCenter     : [NotifyCenter] Destruction of the end
14:47:44:527  WARN 17500 --- [Thread-1] c.a.n.common.http.HttpClientBeanHolder   : [HttpClientBeanHolder] Destruction of the end
14:47:44:594  INFO 17500 --- [SpringApplicationShutdownHook] c.a.c.n.registry.NacosServiceRegistry    : De-registering from Nacos Server now...
14:47:44:600  INFO 17500 --- [SpringApplicationShutdownHook] c.a.c.n.registry.NacosServiceRegistry    : De-registration finished.
14:47:44:934  INFO 17500 --- [SpringApplicationShutdownHook] com.alibaba.nacos.common.remote.client   : Shutdown rpc client, set status to shutdown
14:47:44:934  INFO 17500 --- [SpringApplicationShutdownHook] com.alibaba.nacos.common.remote.client   : Shutdown client event executor java.util.concurrent.ScheduledThreadPoolExecutor@4dd26174[Running, pool size = 2, active threads = 2, queued tasks = 0, completed tasks = 0]
14:47:44:934  INFO 17500 --- [SpringApplicationShutdownHook] com.alibaba.nacos.common.remote.client   : Close current connection 1777182422667_192.168.26.1_56206
14:47:44:938  INFO 17500 --- [nacos-grpc-client-executor-742] c.a.n.c.remote.client.grpc.GrpcClient    : [1777182422667_192.168.26.1_56206]Ignore complete event,isRunning:false,isAbandon=false
14:47:44:943  INFO 17500 --- [SpringApplicationShutdownHook] c.a.n.c.remote.client.grpc.GrpcClient    : Shutdown grpc executor java.util.concurrent.ThreadPoolExecutor@2fcffeb6[Running, pool size = 5, active threads = 0, queued tasks = 0, completed tasks = 743]
