13:46:39:322  INFO 18404 --- [main] com.hmall.gateway.GatewayApplication     : The following 1 profile is active: "local"
13:46:42:650  INFO 18404 --- [main] o.s.cloud.context.scope.GenericScope     : BeanFactory id=c94efbfe-387f-3cc7-8cd1-9952f7ac4281
13:46:42:821  INFO 18404 --- [main] trationDelegate$BeanPostProcessorChecker : Bean 'org.springframework.cloud.client.loadbalancer.reactive.LoadBalancerBeanPostProcessorAutoConfiguration' of type [org.springframework.cloud.client.loadbalancer.reactive.LoadBalancerBeanPostProcessorAutoConfiguration] is not eligible for getting processed by all BeanPostProcessors (for example: not eligible for auto-proxying)
13:46:42:824  INFO 18404 --- [main] trationDelegate$BeanPostProcessorChecker : Bean 'org.springframework.cloud.client.loadbalancer.reactive.LoadBalancerBeanPostProcessorAutoConfiguration$ReactorDeferringLoadBalancerFilterConfig' of type [org.springframework.cloud.client.loadbalancer.reactive.LoadBalancerBeanPostProcessorAutoConfiguration$ReactorDeferringLoadBalancerFilterConfig] is not eligible for getting processed by all BeanPostProcessors (for example: not eligible for auto-proxying)
13:46:42:832  INFO 18404 --- [main] trationDelegate$BeanPostProcessorChecker : Bean 'reactorDeferringLoadBalancerExchangeFilterFunction' of type [org.springframework.cloud.client.loadbalancer.reactive.DeferringLoadBalancerExchangeFilterFunction] is not eligible for getting processed by all BeanPostProcessors (for example: not eligible for auto-proxying)
13:46:46:133 DEBUG 18404 --- [main] c.h.gateway.routers.DynamicRouterLoader  : 监听到路由配置变更，[
    {
        "id": "item",
        "predicates": [{
            "name": "Path",
            "args": {"_genkey_0":"/items/**", "_genkey_1":"/search/**"}
        }],
        "filters": [],
        "uri": "lb://item-service"
    },
    {
        "id": "cart",
        "predicates": [{
            "name": "Path",
            "args": {"_genkey_0":"/carts/**"}
        }],
        "filters": [],
        "uri": "lb://cart-service"
    },
    {
        "id": "user",
        "predicates": [{
            "name": "Path",
            "args": {"_genkey_0":"/users/**", "_genkey_1":"/addresses/**"}
        }],
        "filters": [],
        "uri": "lb://user-service"
    },
    {
        "id": "trade",
        "predicates": [{
            "name": "Path",
            "args": {"_genkey_0":"/orders/**"}
        }],
        "filters": [],
        "uri": "lb://trade-service"
    },
    {
        "id": "pay",
        "predicates": [{
            "name": "Path",
            "args": {"_genkey_0":"/pay-orders/**"}
        }],
        "filters": [],
        "uri": "lb://pay-service"
    }
]
13:46:49:818  INFO 18404 --- [main] o.s.c.g.r.RouteDefinitionRouteLocator    : Loaded RoutePredicateFactory [After]
13:46:49:819  INFO 18404 --- [main] o.s.c.g.r.RouteDefinitionRouteLocator    : Loaded RoutePredicateFactory [Before]
13:46:49:819  INFO 18404 --- [main] o.s.c.g.r.RouteDefinitionRouteLocator    : Loaded RoutePredicateFactory [Between]
13:46:49:820  INFO 18404 --- [main] o.s.c.g.r.RouteDefinitionRouteLocator    : Loaded RoutePredicateFactory [Cookie]
13:46:49:820  INFO 18404 --- [main] o.s.c.g.r.RouteDefinitionRouteLocator    : Loaded RoutePredicateFactory [Header]
13:46:49:820  INFO 18404 --- [main] o.s.c.g.r.RouteDefinitionRouteLocator    : Loaded RoutePredicateFactory [Host]
13:46:49:820  INFO 18404 --- [main] o.s.c.g.r.RouteDefinitionRouteLocator    : Loaded RoutePredicateFactory [Method]
13:46:49:821  INFO 18404 --- [main] o.s.c.g.r.RouteDefinitionRouteLocator    : Loaded RoutePredicateFactory [Path]
13:46:49:823  INFO 18404 --- [main] o.s.c.g.r.RouteDefinitionRouteLocator    : Loaded RoutePredicateFactory [Query]
13:46:49:823  INFO 18404 --- [main] o.s.c.g.r.RouteDefinitionRouteLocator    : Loaded RoutePredicateFactory [ReadBody]
13:46:49:824  INFO 18404 --- [main] o.s.c.g.r.RouteDefinitionRouteLocator    : Loaded RoutePredicateFactory [RemoteAddr]
13:46:49:824  INFO 18404 --- [main] o.s.c.g.r.RouteDefinitionRouteLocator    : Loaded RoutePredicateFactory [XForwardedRemoteAddr]
13:46:49:824  INFO 18404 --- [main] o.s.c.g.r.RouteDefinitionRouteLocator    : Loaded RoutePredicateFactory [Weight]
13:46:49:824  INFO 18404 --- [main] o.s.c.g.r.RouteDefinitionRouteLocator    : Loaded RoutePredicateFactory [CloudFoundryRouteService]
13:46:53:388  INFO 18404 --- [main] com.alibaba.nacos.common.remote.client   : [RpcClientFactory] create a new rpc client of 697e7975-8121-4643-930a-bd639e91e26b
13:46:53:390  INFO 18404 --- [main] com.alibaba.nacos.common.remote.client   : [697e7975-8121-4643-930a-bd639e91e26b] RpcClient init label, labels = {module=naming, source=sdk}
13:46:53:399  INFO 18404 --- [main] com.alibaba.nacos.common.remote.client   : [697e7975-8121-4643-930a-bd639e91e26b] RpcClient init, ServerListFactory = com.alibaba.nacos.client.naming.core.ServerListManager
13:46:53:399  INFO 18404 --- [main] com.alibaba.nacos.common.remote.client   : [697e7975-8121-4643-930a-bd639e91e26b] Registry connection listener to current client:com.alibaba.nacos.client.naming.remote.gprc.redo.NamingGrpcRedoService
13:46:53:401  INFO 18404 --- [main] com.alibaba.nacos.common.remote.client   : [697e7975-8121-4643-930a-bd639e91e26b] Register server push request handler:com.alibaba.nacos.client.naming.remote.gprc.NamingPushRequestHandler
13:46:53:402  INFO 18404 --- [main] com.alibaba.nacos.common.remote.client   : [697e7975-8121-4643-930a-bd639e91e26b] Try to connect to server on start up, server: {serverIp = '192.168.26.131', server main port = 8848}
13:46:53:605  INFO 18404 --- [main] com.alibaba.nacos.common.remote.client   : [697e7975-8121-4643-930a-bd639e91e26b] Success to connect to server [192.168.26.131:8848] on start up, connectionId = 1777182413212_192.168.26.1_58453
13:46:53:606  INFO 18404 --- [main] com.alibaba.nacos.common.remote.client   : [697e7975-8121-4643-930a-bd639e91e26b] Register server push request handler:com.alibaba.nacos.common.remote.client.RpcClient$ConnectResetRequestHandler
13:46:53:606  INFO 18404 --- [com.alibaba.nacos.client.remote.worker] com.alibaba.nacos.common.remote.client   : [697e7975-8121-4643-930a-bd639e91e26b] Notify connected event to listeners.
13:46:53:606  INFO 18404 --- [main] com.alibaba.nacos.common.remote.client   : [697e7975-8121-4643-930a-bd639e91e26b] Register server push request handler:com.alibaba.nacos.common.remote.client.RpcClient$$Lambda$478/0x00000252014ecf98
13:46:54:607  INFO 18404 --- [nacos-grpc-client-executor-4] com.alibaba.nacos.common.remote.client   : [697e7975-8121-4643-930a-bd639e91e26b] Receive server push request, request = NotifySubscriberRequest, requestId = 1
13:46:54:647  INFO 18404 --- [nacos-grpc-client-executor-4] com.alibaba.nacos.common.remote.client   : [697e7975-8121-4643-930a-bd639e91e26b] Ack server push request, request = NotifySubscriberRequest, requestId = 1
13:46:55:104  INFO 18404 --- [main] o.s.b.web.embedded.netty.NettyWebServer  : Netty started on port 8080
13:46:56:828  INFO 18404 --- [main] c.a.c.n.registry.NacosServiceRegistry    : nacos registry, DEFAULT_GROUP gateway 192.168.44.1:8080 register finished
13:46:56:886  INFO 18404 --- [main] com.hmall.gateway.GatewayApplication     : Started GatewayApplication in 30.098 seconds (JVM running for 32.79)
13:46:56:903  INFO 18404 --- [main] c.a.c.n.refresh.NacosContextRefresher    : [Nacos Config] Listening config: dataId=gateway.yaml, group=DEFAULT_GROUP
13:46:56:911  INFO 18404 --- [main] c.a.c.n.refresh.NacosContextRefresher    : [Nacos Config] Listening config: dataId=gateway, group=DEFAULT_GROUP
13:46:56:916  INFO 18404 --- [main] c.a.c.n.refresh.NacosContextRefresher    : [Nacos Config] Listening config: dataId=gateway-local.yaml, group=DEFAULT_GROUP
13:46:57:409  INFO 18404 --- [nacos-grpc-client-executor-8] com.alibaba.nacos.common.remote.client   : [697e7975-8121-4643-930a-bd639e91e26b] Receive server push request, request = NotifySubscriberRequest, requestId = 2
13:46:57:437  INFO 18404 --- [nacos-grpc-client-executor-8] com.alibaba.nacos.common.remote.client   : [697e7975-8121-4643-930a-bd639e91e26b] Ack server push request, request = NotifySubscriberRequest, requestId = 2
14:01:24:043  INFO 18404 --- [nacos-grpc-client-executor-184] com.alibaba.nacos.common.remote.client   : [697e7975-8121-4643-930a-bd639e91e26b] Receive server push request, request = NotifySubscriberRequest, requestId = 11
14:01:24:043  INFO 18404 --- [nacos-grpc-client-executor-184] com.alibaba.nacos.common.remote.client   : [697e7975-8121-4643-930a-bd639e91e26b] Ack server push request, request = NotifySubscriberRequest, requestId = 11
14:01:25:452  INFO 18404 --- [nacos-grpc-client-executor-187] com.alibaba.nacos.common.remote.client   : [697e7975-8121-4643-930a-bd639e91e26b] Receive server push request, request = NotifySubscriberRequest, requestId = 12
14:01:25:452  INFO 18404 --- [nacos-grpc-client-executor-187] com.alibaba.nacos.common.remote.client   : [697e7975-8121-4643-930a-bd639e91e26b] Ack server push request, request = NotifySubscriberRequest, requestId = 12
14:47:40:378  INFO 18404 --- [nacos-grpc-client-executor-774] com.alibaba.nacos.common.remote.client   : [697e7975-8121-4643-930a-bd639e91e26b] Receive server push request, request = NotifySubscriberRequest, requestId = 14
14:47:40:392  INFO 18404 --- [nacos-grpc-client-executor-774] com.alibaba.nacos.common.remote.client   : [697e7975-8121-4643-930a-bd639e91e26b] Ack server push request, request = NotifySubscriberRequest, requestId = 14
15:21:56:992  INFO 18404 --- [nacos-grpc-client-executor-1213] com.alibaba.nacos.common.remote.client   : [697e7975-8121-4643-930a-bd639e91e26b] Receive server push request, request = NotifySubscriberRequest, requestId = 23
15:21:57:009  INFO 18404 --- [nacos-grpc-client-executor-1213] com.alibaba.nacos.common.remote.client   : [697e7975-8121-4643-930a-bd639e91e26b] Ack server push request, request = NotifySubscriberRequest, requestId = 23
15:22:16:772  INFO 18404 --- [nacos-grpc-client-executor-1217] com.alibaba.nacos.common.remote.client   : [697e7975-8121-4643-930a-bd639e91e26b] Receive server push request, request = NotifySubscriberRequest, requestId = 25
15:22:16:786  INFO 18404 --- [nacos-grpc-client-executor-1217] com.alibaba.nacos.common.remote.client   : [697e7975-8121-4643-930a-bd639e91e26b] Ack server push request, request = NotifySubscriberRequest, requestId = 25
15:22:52:448  WARN 18404 --- [boundedElastic-2] o.s.c.l.core.RoundRobinLoadBalancer      : No servers available for service: user-service
15:22:55:228  WARN 18404 --- [boundedElastic-2] o.s.c.l.core.RoundRobinLoadBalancer      : No servers available for service: user-service
15:23:09:388  INFO 18404 --- [nacos-grpc-client-executor-1228] com.alibaba.nacos.common.remote.client   : [697e7975-8121-4643-930a-bd639e91e26b] Receive server push request, request = NotifySubscriberRequest, requestId = 26
15:23:09:401  INFO 18404 --- [nacos-grpc-client-executor-1228] com.alibaba.nacos.common.remote.client   : [697e7975-8121-4643-930a-bd639e91e26b] Ack server push request, request = NotifySubscriberRequest, requestId = 26
15:24:07:169  INFO 18404 --- [nacos-grpc-client-executor-1239] com.alibaba.nacos.common.remote.client   : [697e7975-8121-4643-930a-bd639e91e26b] Receive server push request, request = NotifySubscriberRequest, requestId = 29
15:24:07:182  INFO 18404 --- [nacos-grpc-client-executor-1239] com.alibaba.nacos.common.remote.client   : [697e7975-8121-4643-930a-bd639e91e26b] Ack server push request, request = NotifySubscriberRequest, requestId = 29
15:24:20:472  INFO 18404 --- [nacos-grpc-client-executor-1242] com.alibaba.nacos.common.remote.client   : [697e7975-8121-4643-930a-bd639e91e26b] Receive server push request, request = NotifySubscriberRequest, requestId = 31
15:24:20:484  INFO 18404 --- [nacos-grpc-client-executor-1242] com.alibaba.nacos.common.remote.client   : [697e7975-8121-4643-930a-bd639e91e26b] Ack server push request, request = NotifySubscriberRequest, requestId = 31
15:26:53:821  INFO 18404 --- [nacos-grpc-client-executor-1274] com.alibaba.nacos.common.remote.client   : [697e7975-8121-4643-930a-bd639e91e26b] Receive server push request, request = NotifySubscriberRequest, requestId = 33
15:26:53:825  INFO 18404 --- [nacos-grpc-client-executor-1274] com.alibaba.nacos.common.remote.client   : [697e7975-8121-4643-930a-bd639e91e26b] Ack server push request, request = NotifySubscriberRequest, requestId = 33
15:27:04:301  INFO 18404 --- [nacos-grpc-client-executor-1277] com.alibaba.nacos.common.remote.client   : [697e7975-8121-4643-930a-bd639e91e26b] Receive server push request, request = NotifySubscriberRequest, requestId = 34
15:27:04:310  INFO 18404 --- [nacos-grpc-client-executor-1277] com.alibaba.nacos.common.remote.client   : [697e7975-8121-4643-930a-bd639e91e26b] Ack server push request, request = NotifySubscriberRequest, requestId = 34
15:39:00:705  INFO 18404 --- [nacos-grpc-client-executor-1435] com.alibaba.nacos.common.remote.client   : [697e7975-8121-4643-930a-bd639e91e26b] Receive server push request, request = NotifySubscriberRequest, requestId = 37
15:39:00:728  INFO 18404 --- [nacos-grpc-client-executor-1435] com.alibaba.nacos.common.remote.client   : [697e7975-8121-4643-930a-bd639e91e26b] Ack server push request, request = NotifySubscriberRequest, requestId = 37
15:39:18:745  INFO 18404 --- [nacos-grpc-client-executor-1439] com.alibaba.nacos.common.remote.client   : [697e7975-8121-4643-930a-bd639e91e26b] Receive server push request, request = NotifySubscriberRequest, requestId = 39
15:39:18:756  INFO 18404 --- [nacos-grpc-client-executor-1439] com.alibaba.nacos.common.remote.client   : [697e7975-8121-4643-930a-bd639e91e26b] Ack server push request, request = NotifySubscriberRequest, requestId = 39
15:39:46:066  INFO 18404 --- [nacos-grpc-client-executor-1444] com.alibaba.nacos.common.remote.client   : [697e7975-8121-4643-930a-bd639e91e26b] Receive server push request, request = NotifySubscriberRequest, requestId = 40
15:39:46:077  INFO 18404 --- [nacos-grpc-client-executor-1444] com.alibaba.nacos.common.remote.client   : [697e7975-8121-4643-930a-bd639e91e26b] Ack server push request, request = NotifySubscriberRequest, requestId = 40
15:40:03:450  INFO 18404 --- [nacos-grpc-client-executor-1449] com.alibaba.nacos.common.remote.client   : [697e7975-8121-4643-930a-bd639e91e26b] Receive server push request, request = NotifySubscriberRequest, requestId = 41
15:40:03:467  INFO 18404 --- [nacos-grpc-client-executor-1449] com.alibaba.nacos.common.remote.client   : [697e7975-8121-4643-930a-bd639e91e26b] Ack server push request, request = NotifySubscriberRequest, requestId = 41
16:46:21:145  WARN 18404 --- [Thread-5] c.a.nacos.common.notify.NotifyCenter     : [NotifyCenter] Start destroying Publisher
16:46:21:145  WARN 18404 --- [Thread-1] c.a.n.common.http.HttpClientBeanHolder   : [HttpClientBeanHolder] Start destroying common HttpClient
16:46:21:206  WARN 18404 --- [Thread-5] c.a.nacos.common.notify.NotifyCenter     : [NotifyCenter] Destruction of the end
16:46:21:250  WARN 18404 --- [Thread-1] c.a.n.common.http.HttpClientBeanHolder   : [HttpClientBeanHolder] Destruction of the end
16:46:21:676  INFO 18404 --- [SpringApplicationShutdownHook] c.a.c.n.registry.NacosServiceRegistry    : De-registering from Nacos Server now...
16:46:21:705  INFO 18404 --- [SpringApplicationShutdownHook] c.a.c.n.registry.NacosServiceRegistry    : De-registration finished.
16:46:22:055  INFO 18404 --- [SpringApplicationShutdownHook] com.alibaba.nacos.common.remote.client   : Shutdown rpc client, set status to shutdown
16:46:22:058  INFO 18404 --- [SpringApplicationShutdownHook] com.alibaba.nacos.common.remote.client   : Shutdown client event executor java.util.concurrent.ScheduledThreadPoolExecutor@3a1a801a[Running, pool size = 2, active threads = 2, queued tasks = 0, completed tasks = 0]
16:46:22:060  INFO 18404 --- [SpringApplicationShutdownHook] com.alibaba.nacos.common.remote.client   : Close current connection 1777182413212_192.168.26.1_58453
16:46:22:071  INFO 18404 --- [nacos-grpc-client-executor-2307] c.a.n.c.remote.client.grpc.GrpcClient    : [1777182413212_192.168.26.1_58453]Ignore complete event,isRunning:false,isAbandon=false
16:46:22:134  INFO 18404 --- [SpringApplicationShutdownHook] c.a.n.c.remote.client.grpc.GrpcClient    : Shutdown grpc executor java.util.concurrent.ThreadPoolExecutor@222f901e[Running, pool size = 5, active threads = 0, queued tasks = 0, completed tasks = 2308]
