10:15:56:428  INFO 10952 --- [main] com.hmall.item.ItemApplication           : Starting ItemApplication using Java 17.0.12 on elara with PID 10952 (D:\java\heimaTest\hmall\item-service\target\classes started by 28950 in D:\java\heimaTest\hmall)
10:15:56:439 DEBUG 10952 --- [main] com.hmall.item.ItemApplication           : Running with Spring Boot v2.7.12, Spring v5.3.27
10:15:56:440  INFO 10952 --- [main] com.hmall.item.ItemApplication           : The following 1 profile is active: "local"
10:15:58:562  INFO 10952 --- [main] o.s.cloud.context.scope.GenericScope     : BeanFactory id=15411cd5-b645-36ac-96d4-a59d396817cf
10:15:59:439  INFO 10952 --- [main] o.s.b.w.embedded.tomcat.TomcatWebServer  : Tomcat initialized with port(s): 8081 (http)
10:15:59:458  INFO 10952 --- [main] o.apache.catalina.core.StandardService   : Starting service [Tomcat]
10:15:59:459  INFO 10952 --- [main] org.apache.catalina.core.StandardEngine  : Starting Servlet engine: [Apache Tomcat/9.0.75]
10:15:59:738  INFO 10952 --- [main] o.a.c.c.C.[Tomcat].[localhost].[/]       : Initializing Spring embedded WebApplicationContext
10:15:59:739  INFO 10952 --- [main] w.s.c.ServletWebServerApplicationContext : Root WebApplicationContext: initialization completed in 3169 ms
10:16:02:040  INFO 10952 --- [main] pertySourcedRequestMappingHandlerMapping : Mapped URL path [/v2/api-docs] onto method [springfox.documentation.swagger2.web.Swagger2ControllerWebMvc#getDocumentation(String, HttpServletRequest)]
10:16:02:877  INFO 10952 --- [main] com.alibaba.nacos.common.remote.client   : [RpcClientFactory] create a new rpc client of 91611a3c-b296-4fbd-a047-2f961db65550
10:16:03:074  INFO 10952 --- [main] org.reflections.Reflections              : Reflections took 86 ms to scan 1 urls, producing 3 keys and 6 values 
10:16:03:135  INFO 10952 --- [main] org.reflections.Reflections              : Reflections took 12 ms to scan 1 urls, producing 4 keys and 9 values 
10:16:03:150  INFO 10952 --- [main] org.reflections.Reflections              : Reflections took 8 ms to scan 1 urls, producing 3 keys and 10 values 
10:16:03:154  WARN 10952 --- [main] org.reflections.Reflections              : given scan urls are empty. set urls in the configuration
10:16:03:171  INFO 10952 --- [main] org.reflections.Reflections              : Reflections took 15 ms to scan 1 urls, producing 1 keys and 5 values 
10:16:03:188  INFO 10952 --- [main] org.reflections.Reflections              : Reflections took 11 ms to scan 1 urls, producing 1 keys and 7 values 
10:16:03:205  INFO 10952 --- [main] org.reflections.Reflections              : Reflections took 11 ms to scan 1 urls, producing 2 keys and 8 values 
10:16:03:209  WARN 10952 --- [main] org.reflections.Reflections              : given scan urls are empty. set urls in the configuration
10:16:03:213  INFO 10952 --- [main] com.alibaba.nacos.common.remote.client   : [91611a3c-b296-4fbd-a047-2f961db65550] RpcClient init label, labels = {module=naming, source=sdk}
10:16:03:217  INFO 10952 --- [main] com.alibaba.nacos.common.remote.client   : [91611a3c-b296-4fbd-a047-2f961db65550] RpcClient init, ServerListFactory = com.alibaba.nacos.client.naming.core.ServerListManager
10:16:03:218  INFO 10952 --- [main] com.alibaba.nacos.common.remote.client   : [91611a3c-b296-4fbd-a047-2f961db65550] Registry connection listener to current client:com.alibaba.nacos.client.naming.remote.gprc.redo.NamingGrpcRedoService
10:16:03:219  INFO 10952 --- [main] com.alibaba.nacos.common.remote.client   : [91611a3c-b296-4fbd-a047-2f961db65550] Register server push request handler:com.alibaba.nacos.client.naming.remote.gprc.NamingPushRequestHandler
10:16:03:223  INFO 10952 --- [main] com.alibaba.nacos.common.remote.client   : [91611a3c-b296-4fbd-a047-2f961db65550] Try to connect to server on start up, server: {serverIp = '192.168.26.131', server main port = 8848}
10:16:05:913  INFO 10952 --- [main] com.alibaba.nacos.common.remote.client   : [91611a3c-b296-4fbd-a047-2f961db65550] Success to connect to server [192.168.26.131:8848] on start up, connectionId = 1777083366234_192.168.26.1_49761
10:16:05:915  INFO 10952 --- [com.alibaba.nacos.client.remote.worker] com.alibaba.nacos.common.remote.client   : [91611a3c-b296-4fbd-a047-2f961db65550] Notify connected event to listeners.
10:16:05:916  INFO 10952 --- [main] com.alibaba.nacos.common.remote.client   : [91611a3c-b296-4fbd-a047-2f961db65550] Register server push request handler:com.alibaba.nacos.common.remote.client.RpcClient$ConnectResetRequestHandler
10:16:05:917  INFO 10952 --- [main] com.alibaba.nacos.common.remote.client   : [91611a3c-b296-4fbd-a047-2f961db65550] Register server push request handler:com.alibaba.nacos.common.remote.client.RpcClient$$Lambda$985/0x0000016d59760a98
10:16:06:158  INFO 10952 --- [main] o.s.b.w.embedded.tomcat.TomcatWebServer  : Tomcat started on port(s): 8081 (http) with context path ''
10:16:06:193  INFO 10952 --- [main] c.a.c.n.registry.NacosServiceRegistry    : nacos registry, DEFAULT_GROUP item-service 192.168.44.1:8081 register finished
10:16:06:581  INFO 10952 --- [main] d.s.w.p.DocumentationPluginsBootstrapper : Documentation plugins bootstrapped
10:16:06:585  INFO 10952 --- [main] d.s.w.p.DocumentationPluginsBootstrapper : Found 1 custom documentation plugin(s)
10:16:06:607  INFO 10952 --- [nacos-grpc-client-executor-11] com.alibaba.nacos.common.remote.client   : [91611a3c-b296-4fbd-a047-2f961db65550] Receive server push request, request = NotifySubscriberRequest, requestId = 1
10:16:06:631  INFO 10952 --- [nacos-grpc-client-executor-11] com.alibaba.nacos.common.remote.client   : [91611a3c-b296-4fbd-a047-2f961db65550] Ack server push request, request = NotifySubscriberRequest, requestId = 1
10:16:06:633  INFO 10952 --- [main] s.d.s.w.s.ApiListingReferenceScanner     : Scanning for api listing references
10:16:06:921  INFO 10952 --- [main] com.hmall.item.ItemApplication           : Started ItemApplication in 11.853 seconds (JVM running for 18.653)
10:16:18:039  INFO 1936 --- [main] com.hmall.item.ItemApplication           : Starting ItemApplication using Java 17.0.12 on elara with PID 1936 (D:\java\heimaTest\hmall\item-service\target\classes started by 28950 in D:\java\heimaTest\hmall)
10:16:18:043 DEBUG 1936 --- [main] com.hmall.item.ItemApplication           : Running with Spring Boot v2.7.12, Spring v5.3.27
10:16:18:044  INFO 1936 --- [main] com.hmall.item.ItemApplication           : The following 1 profile is active: "local"
10:16:19:353  INFO 1936 --- [main] o.s.cloud.context.scope.GenericScope     : BeanFactory id=15411cd5-b645-36ac-96d4-a59d396817cf
10:16:19:912  INFO 1936 --- [main] o.s.b.w.embedded.tomcat.TomcatWebServer  : Tomcat initialized with port(s): 8083 (http)
10:16:19:924  INFO 1936 --- [main] o.apache.catalina.core.StandardService   : Starting service [Tomcat]
10:16:19:924  INFO 1936 --- [main] org.apache.catalina.core.StandardEngine  : Starting Servlet engine: [Apache Tomcat/9.0.75]
10:16:20:090  INFO 1936 --- [main] o.a.c.c.C.[Tomcat].[localhost].[/]       : Initializing Spring embedded WebApplicationContext
10:16:20:090  INFO 1936 --- [main] w.s.c.ServletWebServerApplicationContext : Root WebApplicationContext: initialization completed in 1975 ms
10:16:21:596  INFO 1936 --- [main] pertySourcedRequestMappingHandlerMapping : Mapped URL path [/v2/api-docs] onto method [springfox.documentation.swagger2.web.Swagger2ControllerWebMvc#getDocumentation(String, HttpServletRequest)]
10:16:22:280  INFO 1936 --- [main] com.alibaba.nacos.common.remote.client   : [RpcClientFactory] create a new rpc client of abacc577-4216-4c1a-96a6-9012f7ebc039
10:16:22:349  INFO 1936 --- [main] org.reflections.Reflections              : Reflections took 34 ms to scan 1 urls, producing 3 keys and 6 values 
10:16:22:382  INFO 1936 --- [main] org.reflections.Reflections              : Reflections took 12 ms to scan 1 urls, producing 4 keys and 9 values 
10:16:22:397  INFO 1936 --- [main] org.reflections.Reflections              : Reflections took 9 ms to scan 1 urls, producing 3 keys and 10 values 
10:16:22:401  WARN 1936 --- [main] org.reflections.Reflections              : given scan urls are empty. set urls in the configuration
10:16:22:421  INFO 1936 --- [main] org.reflections.Reflections              : Reflections took 17 ms to scan 1 urls, producing 1 keys and 5 values 
10:16:22:434  INFO 1936 --- [main] org.reflections.Reflections              : Reflections took 8 ms to scan 1 urls, producing 1 keys and 7 values 
10:16:22:447  INFO 1936 --- [main] org.reflections.Reflections              : Reflections took 9 ms to scan 1 urls, producing 2 keys and 8 values 
10:16:22:453  WARN 1936 --- [main] org.reflections.Reflections              : given scan urls are empty. set urls in the configuration
10:16:22:459  INFO 1936 --- [main] com.alibaba.nacos.common.remote.client   : [abacc577-4216-4c1a-96a6-9012f7ebc039] RpcClient init label, labels = {module=naming, source=sdk}
10:16:22:470  INFO 1936 --- [main] com.alibaba.nacos.common.remote.client   : [abacc577-4216-4c1a-96a6-9012f7ebc039] RpcClient init, ServerListFactory = com.alibaba.nacos.client.naming.core.ServerListManager
10:16:22:471  INFO 1936 --- [main] com.alibaba.nacos.common.remote.client   : [abacc577-4216-4c1a-96a6-9012f7ebc039] Registry connection listener to current client:com.alibaba.nacos.client.naming.remote.gprc.redo.NamingGrpcRedoService
10:16:22:474  INFO 1936 --- [main] com.alibaba.nacos.common.remote.client   : [abacc577-4216-4c1a-96a6-9012f7ebc039] Register server push request handler:com.alibaba.nacos.client.naming.remote.gprc.NamingPushRequestHandler
10:16:22:485  INFO 1936 --- [main] com.alibaba.nacos.common.remote.client   : [abacc577-4216-4c1a-96a6-9012f7ebc039] Try to connect to server on start up, server: {serverIp = '192.168.26.131', server main port = 8848}
10:16:23:771  INFO 1936 --- [main] com.alibaba.nacos.common.remote.client   : [abacc577-4216-4c1a-96a6-9012f7ebc039] Success to connect to server [192.168.26.131:8848] on start up, connectionId = 1777083384372_192.168.26.1_49792
10:16:23:772  INFO 1936 --- [com.alibaba.nacos.client.remote.worker] com.alibaba.nacos.common.remote.client   : [abacc577-4216-4c1a-96a6-9012f7ebc039] Notify connected event to listeners.
10:16:23:772  INFO 1936 --- [main] com.alibaba.nacos.common.remote.client   : [abacc577-4216-4c1a-96a6-9012f7ebc039] Register server push request handler:com.alibaba.nacos.common.remote.client.RpcClient$ConnectResetRequestHandler
10:16:23:773  INFO 1936 --- [main] com.alibaba.nacos.common.remote.client   : [abacc577-4216-4c1a-96a6-9012f7ebc039] Register server push request handler:com.alibaba.nacos.common.remote.client.RpcClient$$Lambda$985/0x000001d8a375f240
10:16:23:871  INFO 1936 --- [main] o.s.b.w.embedded.tomcat.TomcatWebServer  : Tomcat started on port(s): 8083 (http) with context path ''
10:16:23:891  INFO 1936 --- [main] c.a.c.n.registry.NacosServiceRegistry    : nacos registry, DEFAULT_GROUP item-service 192.168.44.1:8083 register finished
10:16:24:213  INFO 1936 --- [main] d.s.w.p.DocumentationPluginsBootstrapper : Documentation plugins bootstrapped
10:16:24:216  INFO 1936 --- [main] d.s.w.p.DocumentationPluginsBootstrapper : Found 1 custom documentation plugin(s)
10:16:24:252  INFO 1936 --- [main] s.d.s.w.s.ApiListingReferenceScanner     : Scanning for api listing references
10:16:24:378  INFO 10952 --- [nacos-grpc-client-executor-19] com.alibaba.nacos.common.remote.client   : [91611a3c-b296-4fbd-a047-2f961db65550] Receive server push request, request = NotifySubscriberRequest, requestId = 8
10:16:24:391  INFO 10952 --- [nacos-grpc-client-executor-19] com.alibaba.nacos.common.remote.client   : [91611a3c-b296-4fbd-a047-2f961db65550] Ack server push request, request = NotifySubscriberRequest, requestId = 8
10:16:24:404  INFO 1936 --- [nacos-grpc-client-executor-10] com.alibaba.nacos.common.remote.client   : [abacc577-4216-4c1a-96a6-9012f7ebc039] Receive server push request, request = NotifySubscriberRequest, requestId = 9
10:16:24:420  INFO 1936 --- [nacos-grpc-client-executor-10] com.alibaba.nacos.common.remote.client   : [abacc577-4216-4c1a-96a6-9012f7ebc039] Ack server push request, request = NotifySubscriberRequest, requestId = 9
10:16:24:451  INFO 1936 --- [main] com.hmall.item.ItemApplication           : Started ItemApplication in 7.388 seconds (JVM running for 8.426)
10:16:55:157  INFO 10952 --- [http-nio-8081-exec-1] o.a.c.c.C.[Tomcat].[localhost].[/]       : Initializing Spring DispatcherServlet 'dispatcherServlet'
10:16:55:157  INFO 10952 --- [http-nio-8081-exec-1] o.s.web.servlet.DispatcherServlet        : Initializing Servlet 'dispatcherServlet'
10:16:55:159  INFO 10952 --- [http-nio-8081-exec-1] o.s.web.servlet.DispatcherServlet        : Completed initialization in 2 ms
10:16:55:398  INFO 10952 --- [http-nio-8081-exec-1] com.zaxxer.hikari.HikariDataSource       : HikariPool-1 - Starting...
10:16:55:882  INFO 10952 --- [http-nio-8081-exec-1] com.zaxxer.hikari.HikariDataSource       : HikariPool-1 - Start completed.
10:16:55:898 DEBUG 10952 --- [http-nio-8081-exec-1] c.h.i.m.ItemMapper.selectList_mpCount    : ==>  Preparing: SELECT COUNT(*) AS total FROM item
10:16:55:938 DEBUG 10952 --- [http-nio-8081-exec-1] c.h.i.m.ItemMapper.selectList_mpCount    : ==> Parameters: 
10:16:56:158 DEBUG 10952 --- [http-nio-8081-exec-1] c.h.i.m.ItemMapper.selectList_mpCount    : <==      Total: 1
10:16:56:176 DEBUG 10952 --- [http-nio-8081-exec-1] c.h.item.mapper.ItemMapper.selectList    : ==>  Preparing: SELECT id, name, price, stock, image, category, brand, spec, sold, comment_count, isAD, status, create_time, update_time, creater, updater FROM item ORDER BY update_time DESC LIMIT ?
10:16:56:177 DEBUG 10952 --- [http-nio-8081-exec-1] c.h.item.mapper.ItemMapper.selectList    : ==> Parameters: 20(Long)
10:16:56:217 DEBUG 10952 --- [http-nio-8081-exec-1] c.h.item.mapper.ItemMapper.selectList    : <==      Total: 20
10:18:54:918 DEBUG 10952 --- [http-nio-8081-exec-3] c.h.i.mapper.ItemMapper.selectBatchIds   : ==>  Preparing: SELECT id,name,price,stock,image,category,brand,spec,sold,comment_count,isAD,status,create_time,update_time,creater,updater FROM item WHERE id IN ( ? )
10:18:54:918 DEBUG 10952 --- [http-nio-8081-exec-3] c.h.i.mapper.ItemMapper.selectBatchIds   : ==> Parameters: 100000006163(Long)
10:18:54:925 DEBUG 10952 --- [http-nio-8081-exec-3] c.h.i.mapper.ItemMapper.selectBatchIds   : <==      Total: 1
10:18:55:537  INFO 1936 --- [http-nio-8083-exec-1] o.a.c.c.C.[Tomcat].[localhost].[/]       : Initializing Spring DispatcherServlet 'dispatcherServlet'
10:18:55:537  INFO 1936 --- [http-nio-8083-exec-1] o.s.web.servlet.DispatcherServlet        : Initializing Servlet 'dispatcherServlet'
10:18:55:540  INFO 1936 --- [http-nio-8083-exec-1] o.s.web.servlet.DispatcherServlet        : Completed initialization in 3 ms
10:18:55:678  INFO 1936 --- [http-nio-8083-exec-1] com.zaxxer.hikari.HikariDataSource       : HikariPool-1 - Starting...
10:18:55:992  INFO 1936 --- [http-nio-8083-exec-1] com.zaxxer.hikari.HikariDataSource       : HikariPool-1 - Start completed.
10:18:56:000 DEBUG 1936 --- [http-nio-8083-exec-1] c.h.i.mapper.ItemMapper.selectBatchIds   : ==>  Preparing: SELECT id,name,price,stock,image,category,brand,spec,sold,comment_count,isAD,status,create_time,update_time,creater,updater FROM item WHERE id IN ( ? )
10:18:56:025 DEBUG 1936 --- [http-nio-8083-exec-1] c.h.i.mapper.ItemMapper.selectBatchIds   : ==> Parameters: 100000006163(Long)
10:18:56:056 DEBUG 1936 --- [http-nio-8083-exec-1] c.h.i.mapper.ItemMapper.selectBatchIds   : <==      Total: 1
10:22:12:059 DEBUG 1936 --- [http-nio-8083-exec-5] c.h.i.m.ItemMapper.selectList_mpCount    : ==>  Preparing: SELECT COUNT(*) AS total FROM item
10:22:12:059 DEBUG 1936 --- [http-nio-8083-exec-5] c.h.i.m.ItemMapper.selectList_mpCount    : ==> Parameters: 
10:22:12:075 DEBUG 1936 --- [http-nio-8083-exec-5] c.h.i.m.ItemMapper.selectList_mpCount    : <==      Total: 1
10:22:12:085 DEBUG 1936 --- [http-nio-8083-exec-5] c.h.item.mapper.ItemMapper.selectList    : ==>  Preparing: SELECT id, name, price, stock, image, category, brand, spec, sold, comment_count, isAD, status, create_time, update_time, creater, updater FROM item ORDER BY update_time DESC LIMIT ?
10:22:12:085 DEBUG 1936 --- [http-nio-8083-exec-5] c.h.item.mapper.ItemMapper.selectList    : ==> Parameters: 20(Long)
10:22:12:101 DEBUG 1936 --- [http-nio-8083-exec-5] c.h.item.mapper.ItemMapper.selectList    : <==      Total: 20
10:45:03:366 DEBUG 1936 --- [http-nio-8083-exec-3] c.h.i.mapper.ItemMapper.selectBatchIds   : ==>  Preparing: SELECT id,name,price,stock,image,category,brand,spec,sold,comment_count,isAD,status,create_time,update_time,creater,updater FROM item WHERE id IN ( ? )
10:45:03:366 DEBUG 1936 --- [http-nio-8083-exec-3] c.h.i.mapper.ItemMapper.selectBatchIds   : ==> Parameters: 100000006163(Long)
10:45:03:371 DEBUG 1936 --- [http-nio-8083-exec-3] c.h.i.mapper.ItemMapper.selectBatchIds   : <==      Total: 1
15:06:03:205  WARN 1936 --- [Thread-4] c.a.nacos.common.notify.NotifyCenter     : [NotifyCenter] Start destroying Publisher
15:06:03:211  WARN 1936 --- [Thread-7] c.a.n.common.http.HttpClientBeanHolder   : [HttpClientBeanHolder] Start destroying common HttpClient
15:06:03:215  WARN 1936 --- [Thread-4] c.a.nacos.common.notify.NotifyCenter     : [NotifyCenter] Destruction of the end
15:06:03:211  WARN 10952 --- [Thread-4] c.a.nacos.common.notify.NotifyCenter     : [NotifyCenter] Start destroying Publisher
15:06:03:211  WARN 10952 --- [Thread-7] c.a.n.common.http.HttpClientBeanHolder   : [HttpClientBeanHolder] Start destroying common HttpClient
15:06:03:224  WARN 10952 --- [Thread-4] c.a.nacos.common.notify.NotifyCenter     : [NotifyCenter] Destruction of the end
15:06:03:226  WARN 1936 --- [Thread-7] c.a.n.common.http.HttpClientBeanHolder   : [HttpClientBeanHolder] Destruction of the end
15:06:03:231  WARN 10952 --- [Thread-7] c.a.n.common.http.HttpClientBeanHolder   : [HttpClientBeanHolder] Destruction of the end
15:06:03:372  INFO 1936 --- [SpringApplicationShutdownHook] c.a.c.n.registry.NacosServiceRegistry    : De-registering from Nacos Server now...
15:06:03:380  INFO 1936 --- [SpringApplicationShutdownHook] c.a.c.n.registry.NacosServiceRegistry    : De-registration finished.
15:06:03:420  INFO 10952 --- [SpringApplicationShutdownHook] c.a.c.n.registry.NacosServiceRegistry    : De-registering from Nacos Server now...
15:06:03:436  INFO 10952 --- [SpringApplicationShutdownHook] c.a.c.n.registry.NacosServiceRegistry    : De-registration finished.
15:06:03:712  INFO 1936 --- [SpringApplicationShutdownHook] com.alibaba.nacos.common.remote.client   : Shutdown rpc client, set status to shutdown
15:06:03:713  INFO 1936 --- [SpringApplicationShutdownHook] com.alibaba.nacos.common.remote.client   : Shutdown client event executor java.util.concurrent.ScheduledThreadPoolExecutor@3c72642a[Running, pool size = 2, active threads = 2, queued tasks = 0, completed tasks = 0]
15:06:03:713  INFO 1936 --- [SpringApplicationShutdownHook] com.alibaba.nacos.common.remote.client   : Close current connection 1777083384372_192.168.26.1_49792
15:06:03:720  INFO 1936 --- [nacos-grpc-client-executor-3518] c.a.n.c.remote.client.grpc.GrpcClient    : [1777083384372_192.168.26.1_49792]Ignore complete event,isRunning:false,isAbandon=false
15:06:03:723  INFO 1936 --- [SpringApplicationShutdownHook] c.a.n.c.remote.client.grpc.GrpcClient    : Shutdown grpc executor java.util.concurrent.ThreadPoolExecutor@706eefc4[Running, pool size = 5, active threads = 0, queued tasks = 0, completed tasks = 3519]
15:06:03:741  INFO 1936 --- [SpringApplicationShutdownHook] com.zaxxer.hikari.HikariDataSource       : HikariPool-1 - Shutdown initiated...
15:06:03:773  INFO 1936 --- [SpringApplicationShutdownHook] com.zaxxer.hikari.HikariDataSource       : HikariPool-1 - Shutdown completed.
15:06:03:774  INFO 10952 --- [SpringApplicationShutdownHook] com.alibaba.nacos.common.remote.client   : Shutdown rpc client, set status to shutdown
15:06:03:774  INFO 10952 --- [SpringApplicationShutdownHook] com.alibaba.nacos.common.remote.client   : Shutdown client event executor java.util.concurrent.ScheduledThreadPoolExecutor@259f585d[Running, pool size = 2, active threads = 2, queued tasks = 0, completed tasks = 0]
15:06:03:775  INFO 10952 --- [SpringApplicationShutdownHook] com.alibaba.nacos.common.remote.client   : Close current connection 1777083366234_192.168.26.1_49761
15:06:03:782  INFO 10952 --- [nacos-grpc-client-executor-3513] c.a.n.c.remote.client.grpc.GrpcClient    : [1777083366234_192.168.26.1_49761]Ignore complete event,isRunning:false,isAbandon=false
15:06:03:795  INFO 10952 --- [SpringApplicationShutdownHook] c.a.n.c.remote.client.grpc.GrpcClient    : Shutdown grpc executor java.util.concurrent.ThreadPoolExecutor@4b8ce04f[Running, pool size = 5, active threads = 0, queued tasks = 0, completed tasks = 3514]
15:06:03:807  INFO 10952 --- [SpringApplicationShutdownHook] com.zaxxer.hikari.HikariDataSource       : HikariPool-1 - Shutdown initiated...
15:06:03:835  INFO 10952 --- [SpringApplicationShutdownHook] com.zaxxer.hikari.HikariDataSource       : HikariPool-1 - Shutdown completed.
15:06:33:893  INFO 11900 --- [main] com.hmall.item.ItemApplication           : Starting ItemApplication using Java 17.0.12 on elara with PID 11900 (D:\java\heimaTest\hmall\item-service\target\classes started by 28950 in D:\java\heimaTest\hmall)
15:06:33:897 DEBUG 11900 --- [main] com.hmall.item.ItemApplication           : Running with Spring Boot v2.7.12, Spring v5.3.27
15:06:33:898  INFO 11900 --- [main] com.hmall.item.ItemApplication           : The following 1 profile is active: "local"
15:06:35:600  INFO 11900 --- [main] o.s.cloud.context.scope.GenericScope     : BeanFactory id=1b6e4a49-40ff-3b70-b961-162516e0b119
15:06:36:300  INFO 11900 --- [main] o.s.b.w.embedded.tomcat.TomcatWebServer  : Tomcat initialized with port(s): 8081 (http)
15:06:36:316  INFO 11900 --- [main] o.apache.catalina.core.StandardService   : Starting service [Tomcat]
15:06:36:317  INFO 11900 --- [main] org.apache.catalina.core.StandardEngine  : Starting Servlet engine: [Apache Tomcat/9.0.75]
15:06:36:498  INFO 11900 --- [main] o.a.c.c.C.[Tomcat].[localhost].[/]       : Initializing Spring embedded WebApplicationContext
15:06:36:498  INFO 11900 --- [main] w.s.c.ServletWebServerApplicationContext : Root WebApplicationContext: initialization completed in 2527 ms
15:06:37:655  INFO 23524 --- [main] com.hmall.item.ItemApplication           : Starting ItemApplication using Java 17.0.12 on elara with PID 23524 (D:\java\heimaTest\hmall\item-service\target\classes started by 28950 in D:\java\heimaTest\hmall)
15:06:37:658 DEBUG 23524 --- [main] com.hmall.item.ItemApplication           : Running with Spring Boot v2.7.12, Spring v5.3.27
15:06:37:658  INFO 23524 --- [main] com.hmall.item.ItemApplication           : The following 1 profile is active: "local"
15:06:37:980  INFO 11900 --- [main] pertySourcedRequestMappingHandlerMapping : Mapped URL path [/v2/api-docs] onto method [springfox.documentation.swagger2.web.Swagger2ControllerWebMvc#getDocumentation(String, HttpServletRequest)]
15:06:38:610  INFO 11900 --- [main] com.alibaba.nacos.common.remote.client   : [RpcClientFactory] create a new rpc client of 150d0ca7-aa55-46bc-9710-7601b38a7b39
15:06:38:698  INFO 11900 --- [main] org.reflections.Reflections              : Reflections took 32 ms to scan 1 urls, producing 3 keys and 6 values 
15:06:38:727  INFO 11900 --- [main] org.reflections.Reflections              : Reflections took 9 ms to scan 1 urls, producing 4 keys and 9 values 
15:06:38:743  INFO 11900 --- [main] org.reflections.Reflections              : Reflections took 13 ms to scan 1 urls, producing 3 keys and 10 values 
15:06:38:746  WARN 11900 --- [main] org.reflections.Reflections              : given scan urls are empty. set urls in the configuration
15:06:38:754  INFO 11900 --- [main] org.reflections.Reflections              : Reflections took 8 ms to scan 1 urls, producing 1 keys and 5 values 
15:06:38:765  INFO 11900 --- [main] org.reflections.Reflections              : Reflections took 7 ms to scan 1 urls, producing 1 keys and 7 values 
15:06:38:776  INFO 11900 --- [main] org.reflections.Reflections              : Reflections took 7 ms to scan 1 urls, producing 2 keys and 8 values 
15:06:38:778  WARN 11900 --- [main] org.reflections.Reflections              : given scan urls are empty. set urls in the configuration
15:06:38:779  INFO 11900 --- [main] com.alibaba.nacos.common.remote.client   : [150d0ca7-aa55-46bc-9710-7601b38a7b39] RpcClient init label, labels = {module=naming, source=sdk}
15:06:38:780  INFO 11900 --- [main] com.alibaba.nacos.common.remote.client   : [150d0ca7-aa55-46bc-9710-7601b38a7b39] RpcClient init, ServerListFactory = com.alibaba.nacos.client.naming.core.ServerListManager
15:06:38:781  INFO 11900 --- [main] com.alibaba.nacos.common.remote.client   : [150d0ca7-aa55-46bc-9710-7601b38a7b39] Registry connection listener to current client:com.alibaba.nacos.client.naming.remote.gprc.redo.NamingGrpcRedoService
15:06:38:781  INFO 11900 --- [main] com.alibaba.nacos.common.remote.client   : [150d0ca7-aa55-46bc-9710-7601b38a7b39] Register server push request handler:com.alibaba.nacos.client.naming.remote.gprc.NamingPushRequestHandler
15:06:38:785  INFO 11900 --- [main] com.alibaba.nacos.common.remote.client   : [150d0ca7-aa55-46bc-9710-7601b38a7b39] Try to connect to server on start up, server: {serverIp = '192.168.26.131', server main port = 8848}
15:06:38:968  INFO 23524 --- [main] o.s.cloud.context.scope.GenericScope     : BeanFactory id=1b6e4a49-40ff-3b70-b961-162516e0b119
15:06:39:439  INFO 23524 --- [main] o.s.b.w.embedded.tomcat.TomcatWebServer  : Tomcat initialized with port(s): 8083 (http)
15:06:39:448  INFO 23524 --- [main] o.apache.catalina.core.StandardService   : Starting service [Tomcat]
15:06:39:449  INFO 23524 --- [main] org.apache.catalina.core.StandardEngine  : Starting Servlet engine: [Apache Tomcat/9.0.75]
15:06:39:602  INFO 23524 --- [main] o.a.c.c.C.[Tomcat].[localhost].[/]       : Initializing Spring embedded WebApplicationContext
15:06:39:602  INFO 23524 --- [main] w.s.c.ServletWebServerApplicationContext : Root WebApplicationContext: initialization completed in 1885 ms
15:06:40:056  INFO 11900 --- [main] com.alibaba.nacos.common.remote.client   : [150d0ca7-aa55-46bc-9710-7601b38a7b39] Success to connect to server [192.168.26.131:8848] on start up, connectionId = 1777100799823_192.168.26.1_51143
15:06:40:057  INFO 11900 --- [com.alibaba.nacos.client.remote.worker] com.alibaba.nacos.common.remote.client   : [150d0ca7-aa55-46bc-9710-7601b38a7b39] Notify connected event to listeners.
15:06:40:057  INFO 11900 --- [main] com.alibaba.nacos.common.remote.client   : [150d0ca7-aa55-46bc-9710-7601b38a7b39] Register server push request handler:com.alibaba.nacos.common.remote.client.RpcClient$ConnectResetRequestHandler
15:06:40:058  INFO 11900 --- [main] com.alibaba.nacos.common.remote.client   : [150d0ca7-aa55-46bc-9710-7601b38a7b39] Register server push request handler:com.alibaba.nacos.common.remote.client.RpcClient$$Lambda$985/0x0000023281761cc8
15:06:40:135  INFO 11900 --- [main] o.s.b.w.embedded.tomcat.TomcatWebServer  : Tomcat started on port(s): 8081 (http) with context path ''
15:06:40:151  INFO 11900 --- [main] c.a.c.n.registry.NacosServiceRegistry    : nacos registry, DEFAULT_GROUP item-service 192.168.44.1:8081 register finished
15:06:40:437  INFO 11900 --- [main] d.s.w.p.DocumentationPluginsBootstrapper : Documentation plugins bootstrapped
15:06:40:439  INFO 11900 --- [main] d.s.w.p.DocumentationPluginsBootstrapper : Found 1 custom documentation plugin(s)
15:06:40:471  INFO 11900 --- [main] s.d.s.w.s.ApiListingReferenceScanner     : Scanning for api listing references
15:06:40:615  INFO 11900 --- [main] com.hmall.item.ItemApplication           : Started ItemApplication in 7.883 seconds (JVM running for 9.155)
15:06:40:636  INFO 11900 --- [nacos-grpc-client-executor-8] com.alibaba.nacos.common.remote.client   : [150d0ca7-aa55-46bc-9710-7601b38a7b39] Receive server push request, request = NotifySubscriberRequest, requestId = 26
15:06:40:649  INFO 11900 --- [nacos-grpc-client-executor-8] com.alibaba.nacos.common.remote.client   : [150d0ca7-aa55-46bc-9710-7601b38a7b39] Ack server push request, request = NotifySubscriberRequest, requestId = 26
15:06:40:925  INFO 23524 --- [main] pertySourcedRequestMappingHandlerMapping : Mapped URL path [/v2/api-docs] onto method [springfox.documentation.swagger2.web.Swagger2ControllerWebMvc#getDocumentation(String, HttpServletRequest)]
15:06:41:470  INFO 23524 --- [main] com.alibaba.nacos.common.remote.client   : [RpcClientFactory] create a new rpc client of e9f910ac-d697-4c58-bf84-3d3c8657a02a
15:06:41:541  INFO 23524 --- [main] org.reflections.Reflections              : Reflections took 32 ms to scan 1 urls, producing 3 keys and 6 values 
15:06:41:565  INFO 23524 --- [main] org.reflections.Reflections              : Reflections took 9 ms to scan 1 urls, producing 4 keys and 9 values 
15:06:41:574  INFO 23524 --- [main] org.reflections.Reflections              : Reflections took 6 ms to scan 1 urls, producing 3 keys and 10 values 
15:06:41:576  WARN 23524 --- [main] org.reflections.Reflections              : given scan urls are empty. set urls in the configuration
15:06:41:587  INFO 23524 --- [main] org.reflections.Reflections              : Reflections took 10 ms to scan 1 urls, producing 1 keys and 5 values 
15:06:41:597  INFO 23524 --- [main] org.reflections.Reflections              : Reflections took 7 ms to scan 1 urls, producing 1 keys and 7 values 
15:06:41:605  INFO 23524 --- [main] org.reflections.Reflections              : Reflections took 6 ms to scan 1 urls, producing 2 keys and 8 values 
15:06:41:608  WARN 23524 --- [main] org.reflections.Reflections              : given scan urls are empty. set urls in the configuration
15:06:41:608  INFO 23524 --- [main] com.alibaba.nacos.common.remote.client   : [e9f910ac-d697-4c58-bf84-3d3c8657a02a] RpcClient init label, labels = {module=naming, source=sdk}
15:06:41:611  INFO 23524 --- [main] com.alibaba.nacos.common.remote.client   : [e9f910ac-d697-4c58-bf84-3d3c8657a02a] RpcClient init, ServerListFactory = com.alibaba.nacos.client.naming.core.ServerListManager
15:06:41:611  INFO 23524 --- [main] com.alibaba.nacos.common.remote.client   : [e9f910ac-d697-4c58-bf84-3d3c8657a02a] Registry connection listener to current client:com.alibaba.nacos.client.naming.remote.gprc.redo.NamingGrpcRedoService
15:06:41:611  INFO 23524 --- [main] com.alibaba.nacos.common.remote.client   : [e9f910ac-d697-4c58-bf84-3d3c8657a02a] Register server push request handler:com.alibaba.nacos.client.naming.remote.gprc.NamingPushRequestHandler
15:06:41:613  INFO 23524 --- [main] com.alibaba.nacos.common.remote.client   : [e9f910ac-d697-4c58-bf84-3d3c8657a02a] Try to connect to server on start up, server: {serverIp = '192.168.26.131', server main port = 8848}
15:06:42:814  INFO 23524 --- [main] com.alibaba.nacos.common.remote.client   : [e9f910ac-d697-4c58-bf84-3d3c8657a02a] Success to connect to server [192.168.26.131:8848] on start up, connectionId = 1777100802590_192.168.26.1_51148
15:06:42:815  INFO 23524 --- [com.alibaba.nacos.client.remote.worker] com.alibaba.nacos.common.remote.client   : [e9f910ac-d697-4c58-bf84-3d3c8657a02a] Notify connected event to listeners.
15:06:42:816  INFO 23524 --- [main] com.alibaba.nacos.common.remote.client   : [e9f910ac-d697-4c58-bf84-3d3c8657a02a] Register server push request handler:com.alibaba.nacos.common.remote.client.RpcClient$ConnectResetRequestHandler
15:06:42:817  INFO 23524 --- [main] com.alibaba.nacos.common.remote.client   : [e9f910ac-d697-4c58-bf84-3d3c8657a02a] Register server push request handler:com.alibaba.nacos.common.remote.client.RpcClient$$Lambda$985/0x0000019ad875e150
15:06:42:891  INFO 23524 --- [main] o.s.b.w.embedded.tomcat.TomcatWebServer  : Tomcat started on port(s): 8083 (http) with context path ''
15:06:42:901  INFO 23524 --- [main] c.a.c.n.registry.NacosServiceRegistry    : nacos registry, DEFAULT_GROUP item-service 192.168.44.1:8083 register finished
15:06:43:168  INFO 23524 --- [main] d.s.w.p.DocumentationPluginsBootstrapper : Documentation plugins bootstrapped
15:06:43:171  INFO 23524 --- [main] d.s.w.p.DocumentationPluginsBootstrapper : Found 1 custom documentation plugin(s)
15:06:43:199  INFO 23524 --- [main] s.d.s.w.s.ApiListingReferenceScanner     : Scanning for api listing references
15:06:43:335  INFO 23524 --- [main] com.hmall.item.ItemApplication           : Started ItemApplication in 6.687 seconds (JVM running for 7.616)
15:06:43:345  INFO 11900 --- [nacos-grpc-client-executor-10] com.alibaba.nacos.common.remote.client   : [150d0ca7-aa55-46bc-9710-7601b38a7b39] Receive server push request, request = NotifySubscriberRequest, requestId = 28
15:06:43:356  INFO 11900 --- [nacos-grpc-client-executor-10] com.alibaba.nacos.common.remote.client   : [150d0ca7-aa55-46bc-9710-7601b38a7b39] Ack server push request, request = NotifySubscriberRequest, requestId = 28
15:06:43:360  INFO 23524 --- [nacos-grpc-client-executor-9] com.alibaba.nacos.common.remote.client   : [e9f910ac-d697-4c58-bf84-3d3c8657a02a] Receive server push request, request = NotifySubscriberRequest, requestId = 27
15:06:43:370  INFO 23524 --- [nacos-grpc-client-executor-9] com.alibaba.nacos.common.remote.client   : [e9f910ac-d697-4c58-bf84-3d3c8657a02a] Ack server push request, request = NotifySubscriberRequest, requestId = 27
15:11:53:029  INFO 23524 --- [http-nio-8083-exec-1] o.a.c.c.C.[Tomcat].[localhost].[/]       : Initializing Spring DispatcherServlet 'dispatcherServlet'
15:11:53:029  INFO 23524 --- [http-nio-8083-exec-1] o.s.web.servlet.DispatcherServlet        : Initializing Servlet 'dispatcherServlet'
15:11:53:031  INFO 23524 --- [http-nio-8083-exec-1] o.s.web.servlet.DispatcherServlet        : Completed initialization in 2 ms
15:11:53:143  INFO 23524 --- [http-nio-8083-exec-1] com.zaxxer.hikari.HikariDataSource       : HikariPool-1 - Starting...
15:11:53:465  INFO 23524 --- [http-nio-8083-exec-1] com.zaxxer.hikari.HikariDataSource       : HikariPool-1 - Start completed.
15:11:53:476 DEBUG 23524 --- [http-nio-8083-exec-1] c.h.i.mapper.ItemMapper.selectBatchIds   : ==>  Preparing: SELECT id,name,price,stock,image,category,brand,spec,sold,comment_count,isAD,status,create_time,update_time,creater,updater FROM item WHERE id IN ( ? )
15:11:53:503 DEBUG 23524 --- [http-nio-8083-exec-1] c.h.i.mapper.ItemMapper.selectBatchIds   : ==> Parameters: 100000006163(Long)
15:11:53:550 DEBUG 23524 --- [http-nio-8083-exec-1] c.h.i.mapper.ItemMapper.selectBatchIds   : <==      Total: 1
15:12:01:529  INFO 11900 --- [http-nio-8081-exec-1] o.a.c.c.C.[Tomcat].[localhost].[/]       : Initializing Spring DispatcherServlet 'dispatcherServlet'
15:12:01:529  INFO 11900 --- [http-nio-8081-exec-1] o.s.web.servlet.DispatcherServlet        : Initializing Servlet 'dispatcherServlet'
15:12:01:530  INFO 11900 --- [http-nio-8081-exec-1] o.s.web.servlet.DispatcherServlet        : Completed initialization in 1 ms
15:12:01:678  INFO 11900 --- [http-nio-8081-exec-1] com.zaxxer.hikari.HikariDataSource       : HikariPool-1 - Starting...
15:12:02:017  INFO 11900 --- [http-nio-8081-exec-1] com.zaxxer.hikari.HikariDataSource       : HikariPool-1 - Start completed.
15:12:02:027 DEBUG 11900 --- [http-nio-8081-exec-1] c.h.i.mapper.ItemMapper.selectBatchIds   : ==>  Preparing: SELECT id,name,price,stock,image,category,brand,spec,sold,comment_count,isAD,status,create_time,update_time,creater,updater FROM item WHERE id IN ( ? )
15:12:02:054 DEBUG 11900 --- [http-nio-8081-exec-1] c.h.i.mapper.ItemMapper.selectBatchIds   : ==> Parameters: 100000006163(Long)
15:12:02:081 DEBUG 11900 --- [http-nio-8081-exec-1] c.h.i.mapper.ItemMapper.selectBatchIds   : <==      Total: 1
15:43:02:763 DEBUG 23524 --- [http-nio-8083-exec-8] c.h.i.mapper.ItemMapper.selectBatchIds   : ==>  Preparing: SELECT id,name,price,stock,image,category,brand,spec,sold,comment_count,isAD,status,create_time,update_time,creater,updater FROM item WHERE id IN ( ? )
15:43:02:763 DEBUG 23524 --- [http-nio-8083-exec-8] c.h.i.mapper.ItemMapper.selectBatchIds   : ==> Parameters: 100000006163(Long)
15:43:02:768 DEBUG 23524 --- [http-nio-8083-exec-8] c.h.i.mapper.ItemMapper.selectBatchIds   : <==      Total: 1
15:43:10:437 DEBUG 11900 --- [http-nio-8081-exec-3] c.h.i.mapper.ItemMapper.selectBatchIds   : ==>  Preparing: SELECT id,name,price,stock,image,category,brand,spec,sold,comment_count,isAD,status,create_time,update_time,creater,updater FROM item WHERE id IN ( ? )
15:43:10:437 DEBUG 11900 --- [http-nio-8081-exec-3] c.h.i.mapper.ItemMapper.selectBatchIds   : ==> Parameters: 100000006163(Long)
15:43:10:440 DEBUG 11900 --- [http-nio-8081-exec-3] c.h.i.mapper.ItemMapper.selectBatchIds   : <==      Total: 1
15:43:11:158 DEBUG 23524 --- [http-nio-8083-exec-4] c.h.i.mapper.ItemMapper.selectBatchIds   : ==>  Preparing: SELECT id,name,price,stock,image,category,brand,spec,sold,comment_count,isAD,status,create_time,update_time,creater,updater FROM item WHERE id IN ( ? )
15:43:11:159 DEBUG 23524 --- [http-nio-8083-exec-4] c.h.i.mapper.ItemMapper.selectBatchIds   : ==> Parameters: 100000006163(Long)
15:43:11:161 DEBUG 23524 --- [http-nio-8083-exec-4] c.h.i.mapper.ItemMapper.selectBatchIds   : <==      Total: 1
15:43:15:465 DEBUG 11900 --- [http-nio-8081-exec-4] c.h.i.m.ItemMapper.selectList_mpCount    : ==>  Preparing: SELECT COUNT(*) AS total FROM item WHERE (status = ?)
15:43:15:466 DEBUG 11900 --- [http-nio-8081-exec-4] c.h.i.m.ItemMapper.selectList_mpCount    : ==> Parameters: 1(Integer)
15:43:15:495 DEBUG 11900 --- [http-nio-8081-exec-4] c.h.i.m.ItemMapper.selectList_mpCount    : <==      Total: 1
15:43:15:505 DEBUG 11900 --- [http-nio-8081-exec-4] c.h.item.mapper.ItemMapper.selectList    : ==>  Preparing: SELECT id, name, price, stock, image, category, brand, spec, sold, comment_count, isAD, status, create_time, update_time, creater, updater FROM item WHERE (status = ?) ORDER BY update_time DESC LIMIT ?
15:43:15:506 DEBUG 11900 --- [http-nio-8081-exec-4] c.h.item.mapper.ItemMapper.selectList    : ==> Parameters: 1(Integer), 20(Long)
15:43:15:521 DEBUG 11900 --- [http-nio-8081-exec-4] c.h.item.mapper.ItemMapper.selectList    : <==      Total: 20
15:43:18:906 DEBUG 11900 --- [http-nio-8081-exec-5] c.h.i.mapper.ItemMapper.selectBatchIds   : ==>  Preparing: SELECT id,name,price,stock,image,category,brand,spec,sold,comment_count,isAD,status,create_time,update_time,creater,updater FROM item WHERE id IN ( ? )
15:43:18:907 DEBUG 11900 --- [http-nio-8081-exec-5] c.h.i.mapper.ItemMapper.selectBatchIds   : ==> Parameters: 2030774(Long)
15:43:18:912 DEBUG 11900 --- [http-nio-8081-exec-5] c.h.i.mapper.ItemMapper.selectBatchIds   : <==      Total: 1
15:54:22:610 DEBUG 23524 --- [http-nio-8083-exec-6] c.h.i.mapper.ItemMapper.selectBatchIds   : ==>  Preparing: SELECT id,name,price,stock,image,category,brand,spec,sold,comment_count,isAD,status,create_time,update_time,creater,updater FROM item WHERE id IN ( ? )
15:54:22:611 DEBUG 23524 --- [http-nio-8083-exec-6] c.h.i.mapper.ItemMapper.selectBatchIds   : ==> Parameters: 2030774(Long)
15:54:22:616 DEBUG 23524 --- [http-nio-8083-exec-6] c.h.i.mapper.ItemMapper.selectBatchIds   : <==      Total: 1
15:54:22:928  WARN 11900 --- [http-nio-8081-exec-8] c.h.item.service.impl.ItemServiceImpl    : SqlSession [org.apache.ibatis.session.defaults.DefaultSqlSession@5191bb7a] Transaction not enabled
15:54:22:932 DEBUG 11900 --- [http-nio-8081-exec-8] c.h.item.mapper.ItemMapper.updateStock   : ==>  Preparing: UPDATE item SET stock = stock - ? WHERE id = ?
15:54:22:933 DEBUG 11900 --- [http-nio-8081-exec-8] c.h.item.mapper.ItemMapper.updateStock   : ==> Parameters: 1(Integer), 2030774(Long)
15:54:26:817 DEBUG 23524 --- [http-nio-8083-exec-7] c.h.i.mapper.ItemMapper.selectBatchIds   : ==>  Preparing: SELECT id,name,price,stock,image,category,brand,spec,sold,comment_count,isAD,status,create_time,update_time,creater,updater FROM item WHERE id IN ( ? )
15:54:26:818 DEBUG 23524 --- [http-nio-8083-exec-7] c.h.i.mapper.ItemMapper.selectBatchIds   : ==> Parameters: 2030774(Long)
15:54:26:820 DEBUG 23524 --- [http-nio-8083-exec-7] c.h.i.mapper.ItemMapper.selectBatchIds   : <==      Total: 1
15:57:31:037  WARN 23524 --- [Thread-7] c.a.n.common.http.HttpClientBeanHolder   : [HttpClientBeanHolder] Start destroying common HttpClient
15:57:31:037  WARN 23524 --- [Thread-4] c.a.nacos.common.notify.NotifyCenter     : [NotifyCenter] Start destroying Publisher
15:57:31:039  WARN 23524 --- [Thread-4] c.a.nacos.common.notify.NotifyCenter     : [NotifyCenter] Destruction of the end
15:57:31:040  WARN 23524 --- [Thread-7] c.a.n.common.http.HttpClientBeanHolder   : [HttpClientBeanHolder] Destruction of the end
15:57:31:057  WARN 11900 --- [Thread-4] c.a.nacos.common.notify.NotifyCenter     : [NotifyCenter] Start destroying Publisher
15:57:31:058  WARN 11900 --- [Thread-4] c.a.nacos.common.notify.NotifyCenter     : [NotifyCenter] Destruction of the end
15:57:31:063  WARN 11900 --- [Thread-7] c.a.n.common.http.HttpClientBeanHolder   : [HttpClientBeanHolder] Start destroying common HttpClient
15:57:31:064  WARN 11900 --- [Thread-7] c.a.n.common.http.HttpClientBeanHolder   : [HttpClientBeanHolder] Destruction of the end
15:57:31:133  INFO 11900 --- [SpringApplicationShutdownHook] c.a.c.n.registry.NacosServiceRegistry    : De-registering from Nacos Server now...
15:57:31:146  INFO 11900 --- [SpringApplicationShutdownHook] c.a.c.n.registry.NacosServiceRegistry    : De-registration finished.
15:57:31:178  INFO 23524 --- [SpringApplicationShutdownHook] c.a.c.n.registry.NacosServiceRegistry    : De-registering from Nacos Server now...
15:57:31:184  INFO 23524 --- [SpringApplicationShutdownHook] c.a.c.n.registry.NacosServiceRegistry    : De-registration finished.
15:57:31:491  INFO 11900 --- [SpringApplicationShutdownHook] com.alibaba.nacos.common.remote.client   : Shutdown rpc client, set status to shutdown
15:57:31:491  INFO 11900 --- [SpringApplicationShutdownHook] com.alibaba.nacos.common.remote.client   : Shutdown client event executor java.util.concurrent.ScheduledThreadPoolExecutor@7b4050d[Running, pool size = 2, active threads = 2, queued tasks = 0, completed tasks = 0]
15:57:31:491  INFO 11900 --- [SpringApplicationShutdownHook] com.alibaba.nacos.common.remote.client   : Close current connection 1777100799823_192.168.26.1_51143
15:57:31:494  INFO 11900 --- [nacos-grpc-client-executor-626] c.a.n.c.remote.client.grpc.GrpcClient    : [1777100799823_192.168.26.1_51143]Ignore complete event,isRunning:false,isAbandon=false
15:57:31:499  INFO 11900 --- [SpringApplicationShutdownHook] c.a.n.c.remote.client.grpc.GrpcClient    : Shutdown grpc executor java.util.concurrent.ThreadPoolExecutor@5fd3991f[Running, pool size = 5, active threads = 0, queued tasks = 0, completed tasks = 627]
15:57:31:506  INFO 11900 --- [SpringApplicationShutdownHook] com.zaxxer.hikari.HikariDataSource       : HikariPool-1 - Shutdown initiated...
15:57:31:530  INFO 23524 --- [SpringApplicationShutdownHook] com.alibaba.nacos.common.remote.client   : Shutdown rpc client, set status to shutdown
15:57:31:530  INFO 23524 --- [SpringApplicationShutdownHook] com.alibaba.nacos.common.remote.client   : Shutdown client event executor java.util.concurrent.ScheduledThreadPoolExecutor@655c5197[Running, pool size = 2, active threads = 2, queued tasks = 0, completed tasks = 0]
15:57:31:531  INFO 23524 --- [SpringApplicationShutdownHook] com.alibaba.nacos.common.remote.client   : Close current connection 1777100802590_192.168.26.1_51148
15:57:31:556  INFO 23524 --- [SpringApplicationShutdownHook] c.a.n.c.remote.client.grpc.GrpcClient    : Shutdown grpc executor java.util.concurrent.ThreadPoolExecutor@16db1853[Running, pool size = 5, active threads = 1, queued tasks = 0, completed tasks = 626]
15:57:31:563  INFO 23524 --- [nacos-grpc-client-executor-626] c.a.n.c.remote.client.grpc.GrpcClient    : [1777100802590_192.168.26.1_51148]Ignore complete event,isRunning:false,isAbandon=false
15:57:31:583  INFO 11900 --- [SpringApplicationShutdownHook] com.zaxxer.hikari.HikariDataSource       : HikariPool-1 - Shutdown completed.
15:57:31:605  INFO 23524 --- [SpringApplicationShutdownHook] com.zaxxer.hikari.HikariDataSource       : HikariPool-1 - Shutdown initiated...
15:57:31:657  INFO 23524 --- [SpringApplicationShutdownHook] com.zaxxer.hikari.HikariDataSource       : HikariPool-1 - Shutdown completed.
16:13:22:232  INFO 12672 --- [main] com.hmall.item.ItemApplication           : Starting ItemApplication using Java 17.0.12 on elara with PID 12672 (D:\java\heimaTest\hmall\item-service\target\classes started by 28950 in D:\java\heimaTest\hmall)
16:13:22:236 DEBUG 12672 --- [main] com.hmall.item.ItemApplication           : Running with Spring Boot v2.7.12, Spring v5.3.27
16:13:22:237  INFO 12672 --- [main] com.hmall.item.ItemApplication           : The following 1 profile is active: "local"
16:13:23:689  INFO 12672 --- [main] o.s.cloud.context.scope.GenericScope     : BeanFactory id=1b6e4a49-40ff-3b70-b961-162516e0b119
16:13:24:255  INFO 12672 --- [main] o.s.b.w.embedded.tomcat.TomcatWebServer  : Tomcat initialized with port(s): 8083 (http)
16:13:24:268  INFO 12672 --- [main] o.apache.catalina.core.StandardService   : Starting service [Tomcat]
16:13:24:269  INFO 12672 --- [main] org.apache.catalina.core.StandardEngine  : Starting Servlet engine: [Apache Tomcat/9.0.75]
16:13:24:433  INFO 12672 --- [main] o.a.c.c.C.[Tomcat].[localhost].[/]       : Initializing Spring embedded WebApplicationContext
16:13:24:433  INFO 12672 --- [main] w.s.c.ServletWebServerApplicationContext : Root WebApplicationContext: initialization completed in 2127 ms
16:13:26:649  INFO 12672 --- [main] pertySourcedRequestMappingHandlerMapping : Mapped URL path [/v2/api-docs] onto method [springfox.documentation.swagger2.web.Swagger2ControllerWebMvc#getDocumentation(String, HttpServletRequest)]
16:13:27:430  INFO 12672 --- [main] com.alibaba.nacos.common.remote.client   : [RpcClientFactory] create a new rpc client of 1f41ddb2-6eb6-49d7-b6d4-65eaf96cd50f
16:13:27:539  INFO 12672 --- [main] org.reflections.Reflections              : Reflections took 49 ms to scan 1 urls, producing 3 keys and 6 values 
16:13:27:587  INFO 12672 --- [main] org.reflections.Reflections              : Reflections took 14 ms to scan 1 urls, producing 4 keys and 9 values 
16:13:27:602  INFO 12672 --- [main] org.reflections.Reflections              : Reflections took 10 ms to scan 1 urls, producing 3 keys and 10 values 
16:13:27:605  WARN 12672 --- [main] org.reflections.Reflections              : given scan urls are empty. set urls in the configuration
16:13:27:613  INFO 12672 --- [main] org.reflections.Reflections              : Reflections took 8 ms to scan 1 urls, producing 1 keys and 5 values 
16:13:27:631  INFO 12672 --- [main] org.reflections.Reflections              : Reflections took 13 ms to scan 1 urls, producing 1 keys and 7 values 
16:13:27:650  INFO 12672 --- [main] org.reflections.Reflections              : Reflections took 11 ms to scan 1 urls, producing 2 keys and 8 values 
16:13:27:653  WARN 12672 --- [main] org.reflections.Reflections              : given scan urls are empty. set urls in the configuration
16:13:27:655  INFO 12672 --- [main] com.alibaba.nacos.common.remote.client   : [1f41ddb2-6eb6-49d7-b6d4-65eaf96cd50f] RpcClient init label, labels = {module=naming, source=sdk}
16:13:27:658  INFO 12672 --- [main] com.alibaba.nacos.common.remote.client   : [1f41ddb2-6eb6-49d7-b6d4-65eaf96cd50f] RpcClient init, ServerListFactory = com.alibaba.nacos.client.naming.core.ServerListManager
16:13:27:659  INFO 12672 --- [main] com.alibaba.nacos.common.remote.client   : [1f41ddb2-6eb6-49d7-b6d4-65eaf96cd50f] Registry connection listener to current client:com.alibaba.nacos.client.naming.remote.gprc.redo.NamingGrpcRedoService
16:13:27:660  INFO 12672 --- [main] com.alibaba.nacos.common.remote.client   : [1f41ddb2-6eb6-49d7-b6d4-65eaf96cd50f] Register server push request handler:com.alibaba.nacos.client.naming.remote.gprc.NamingPushRequestHandler
16:13:27:663  INFO 12672 --- [main] com.alibaba.nacos.common.remote.client   : [1f41ddb2-6eb6-49d7-b6d4-65eaf96cd50f] Try to connect to server on start up, server: {serverIp = '192.168.26.131', server main port = 8848}
16:13:29:441  INFO 12672 --- [main] com.alibaba.nacos.common.remote.client   : [1f41ddb2-6eb6-49d7-b6d4-65eaf96cd50f] Success to connect to server [192.168.26.131:8848] on start up, connectionId = 1777104808880_192.168.26.1_62360
16:13:29:443  INFO 12672 --- [com.alibaba.nacos.client.remote.worker] com.alibaba.nacos.common.remote.client   : [1f41ddb2-6eb6-49d7-b6d4-65eaf96cd50f] Notify connected event to listeners.
16:13:29:444  INFO 12672 --- [main] com.alibaba.nacos.common.remote.client   : [1f41ddb2-6eb6-49d7-b6d4-65eaf96cd50f] Register server push request handler:com.alibaba.nacos.common.remote.client.RpcClient$ConnectResetRequestHandler
16:13:29:444  INFO 12672 --- [main] com.alibaba.nacos.common.remote.client   : [1f41ddb2-6eb6-49d7-b6d4-65eaf96cd50f] Register server push request handler:com.alibaba.nacos.common.remote.client.RpcClient$$Lambda$985/0x0000020acc75f690
16:13:29:561  INFO 12672 --- [main] o.s.b.w.embedded.tomcat.TomcatWebServer  : Tomcat started on port(s): 8083 (http) with context path ''
16:13:29:583  INFO 12672 --- [main] c.a.c.n.registry.NacosServiceRegistry    : nacos registry, DEFAULT_GROUP item-service 192.168.44.1:8083 register finished
16:13:30:036  INFO 12672 --- [nacos-grpc-client-executor-10] com.alibaba.nacos.common.remote.client   : [1f41ddb2-6eb6-49d7-b6d4-65eaf96cd50f] Receive server push request, request = NotifySubscriberRequest, requestId = 42
16:13:30:051  INFO 12672 --- [main] d.s.w.p.DocumentationPluginsBootstrapper : Documentation plugins bootstrapped
16:13:30:052  INFO 12672 --- [nacos-grpc-client-executor-10] com.alibaba.nacos.common.remote.client   : [1f41ddb2-6eb6-49d7-b6d4-65eaf96cd50f] Ack server push request, request = NotifySubscriberRequest, requestId = 42
16:13:30:056  INFO 12672 --- [main] d.s.w.p.DocumentationPluginsBootstrapper : Found 1 custom documentation plugin(s)
16:13:30:089  INFO 12672 --- [main] s.d.s.w.s.ApiListingReferenceScanner     : Scanning for api listing references
16:13:30:336  INFO 12672 --- [main] com.hmall.item.ItemApplication           : Started ItemApplication in 9.128 seconds (JVM running for 9.94)
16:13:37:272  INFO 23928 --- [main] com.hmall.item.ItemApplication           : Starting ItemApplication using Java 17.0.12 on elara with PID 23928 (D:\java\heimaTest\hmall\item-service\target\classes started by 28950 in D:\java\heimaTest\hmall)
16:13:37:275 DEBUG 23928 --- [main] com.hmall.item.ItemApplication           : Running with Spring Boot v2.7.12, Spring v5.3.27
16:13:37:276  INFO 23928 --- [main] com.hmall.item.ItemApplication           : The following 1 profile is active: "local"
16:13:38:823  INFO 23928 --- [main] o.s.cloud.context.scope.GenericScope     : BeanFactory id=1b6e4a49-40ff-3b70-b961-162516e0b119
16:13:39:792  INFO 23928 --- [main] o.s.b.w.embedded.tomcat.TomcatWebServer  : Tomcat initialized with port(s): 8081 (http)
16:13:39:814  INFO 23928 --- [main] o.apache.catalina.core.StandardService   : Starting service [Tomcat]
16:13:39:815  INFO 23928 --- [main] org.apache.catalina.core.StandardEngine  : Starting Servlet engine: [Apache Tomcat/9.0.75]
16:13:40:132  INFO 23928 --- [main] o.a.c.c.C.[Tomcat].[localhost].[/]       : Initializing Spring embedded WebApplicationContext
16:13:40:132  INFO 23928 --- [main] w.s.c.ServletWebServerApplicationContext : Root WebApplicationContext: initialization completed in 2793 ms
16:13:42:414  INFO 23928 --- [main] pertySourcedRequestMappingHandlerMapping : Mapped URL path [/v2/api-docs] onto method [springfox.documentation.swagger2.web.Swagger2ControllerWebMvc#getDocumentation(String, HttpServletRequest)]
16:13:43:281  INFO 23928 --- [main] com.alibaba.nacos.common.remote.client   : [RpcClientFactory] create a new rpc client of 4353a891-6d4a-4bc4-a700-2bb2a94a9e0b
16:13:43:384  INFO 23928 --- [main] org.reflections.Reflections              : Reflections took 42 ms to scan 1 urls, producing 3 keys and 6 values 
16:13:43:416  INFO 23928 --- [main] org.reflections.Reflections              : Reflections took 9 ms to scan 1 urls, producing 4 keys and 9 values 
16:13:43:429  INFO 23928 --- [main] org.reflections.Reflections              : Reflections took 7 ms to scan 1 urls, producing 3 keys and 10 values 
16:13:43:431  WARN 23928 --- [main] org.reflections.Reflections              : given scan urls are empty. set urls in the configuration
16:13:43:444  INFO 23928 --- [main] org.reflections.Reflections              : Reflections took 12 ms to scan 1 urls, producing 1 keys and 5 values 
16:13:43:455  INFO 23928 --- [main] org.reflections.Reflections              : Reflections took 8 ms to scan 1 urls, producing 1 keys and 7 values 
16:13:43:470  INFO 23928 --- [main] org.reflections.Reflections              : Reflections took 10 ms to scan 1 urls, producing 2 keys and 8 values 
16:13:43:472  WARN 23928 --- [main] org.reflections.Reflections              : given scan urls are empty. set urls in the configuration
16:13:43:474  INFO 23928 --- [main] com.alibaba.nacos.common.remote.client   : [4353a891-6d4a-4bc4-a700-2bb2a94a9e0b] RpcClient init label, labels = {module=naming, source=sdk}
16:13:43:477  INFO 23928 --- [main] com.alibaba.nacos.common.remote.client   : [4353a891-6d4a-4bc4-a700-2bb2a94a9e0b] RpcClient init, ServerListFactory = com.alibaba.nacos.client.naming.core.ServerListManager
16:13:43:478  INFO 23928 --- [main] com.alibaba.nacos.common.remote.client   : [4353a891-6d4a-4bc4-a700-2bb2a94a9e0b] Registry connection listener to current client:com.alibaba.nacos.client.naming.remote.gprc.redo.NamingGrpcRedoService
16:13:43:479  INFO 23928 --- [main] com.alibaba.nacos.common.remote.client   : [4353a891-6d4a-4bc4-a700-2bb2a94a9e0b] Register server push request handler:com.alibaba.nacos.client.naming.remote.gprc.NamingPushRequestHandler
16:13:43:481  INFO 23928 --- [main] com.alibaba.nacos.common.remote.client   : [4353a891-6d4a-4bc4-a700-2bb2a94a9e0b] Try to connect to server on start up, server: {serverIp = '192.168.26.131', server main port = 8848}
16:13:45:360  INFO 23928 --- [main] com.alibaba.nacos.common.remote.client   : [4353a891-6d4a-4bc4-a700-2bb2a94a9e0b] Success to connect to server [192.168.26.131:8848] on start up, connectionId = 1777104824772_192.168.26.1_62392
16:13:45:362  INFO 23928 --- [com.alibaba.nacos.client.remote.worker] com.alibaba.nacos.common.remote.client   : [4353a891-6d4a-4bc4-a700-2bb2a94a9e0b] Notify connected event to listeners.
16:13:45:363  INFO 23928 --- [main] com.alibaba.nacos.common.remote.client   : [4353a891-6d4a-4bc4-a700-2bb2a94a9e0b] Register server push request handler:com.alibaba.nacos.common.remote.client.RpcClient$ConnectResetRequestHandler
16:13:45:364  INFO 23928 --- [main] com.alibaba.nacos.common.remote.client   : [4353a891-6d4a-4bc4-a700-2bb2a94a9e0b] Register server push request handler:com.alibaba.nacos.common.remote.client.RpcClient$$Lambda$985/0x000001ff017611e8
16:13:45:524  INFO 23928 --- [main] o.s.b.w.embedded.tomcat.TomcatWebServer  : Tomcat started on port(s): 8081 (http) with context path ''
16:13:45:543  INFO 23928 --- [main] c.a.c.n.registry.NacosServiceRegistry    : nacos registry, DEFAULT_GROUP item-service 192.168.44.1:8081 register finished
16:13:45:931  INFO 12672 --- [nacos-grpc-client-executor-16] com.alibaba.nacos.common.remote.client   : [1f41ddb2-6eb6-49d7-b6d4-65eaf96cd50f] Receive server push request, request = NotifySubscriberRequest, requestId = 45
16:13:45:939  INFO 23928 --- [main] d.s.w.p.DocumentationPluginsBootstrapper : Documentation plugins bootstrapped
16:13:45:945  INFO 23928 --- [main] d.s.w.p.DocumentationPluginsBootstrapper : Found 1 custom documentation plugin(s)
16:13:45:954  INFO 12672 --- [nacos-grpc-client-executor-16] com.alibaba.nacos.common.remote.client   : [1f41ddb2-6eb6-49d7-b6d4-65eaf96cd50f] Ack server push request, request = NotifySubscriberRequest, requestId = 45
16:13:45:962  INFO 23928 --- [nacos-grpc-client-executor-9] com.alibaba.nacos.common.remote.client   : [4353a891-6d4a-4bc4-a700-2bb2a94a9e0b] Receive server push request, request = NotifySubscriberRequest, requestId = 46
16:13:45:978  INFO 23928 --- [nacos-grpc-client-executor-9] com.alibaba.nacos.common.remote.client   : [4353a891-6d4a-4bc4-a700-2bb2a94a9e0b] Ack server push request, request = NotifySubscriberRequest, requestId = 46
16:13:46:002  INFO 23928 --- [main] s.d.s.w.s.ApiListingReferenceScanner     : Scanning for api listing references
16:13:46:241  INFO 23928 --- [main] com.hmall.item.ItemApplication           : Started ItemApplication in 10.382 seconds (JVM running for 11.564)
16:14:52:220  INFO 12672 --- [http-nio-8083-exec-1] o.a.c.c.C.[Tomcat].[localhost].[/]       : Initializing Spring DispatcherServlet 'dispatcherServlet'
16:14:52:223  INFO 12672 --- [http-nio-8083-exec-1] o.s.web.servlet.DispatcherServlet        : Initializing Servlet 'dispatcherServlet'
16:14:52:224  INFO 12672 --- [http-nio-8083-exec-1] o.s.web.servlet.DispatcherServlet        : Completed initialization in 1 ms
16:14:52:376  INFO 12672 --- [http-nio-8083-exec-1] com.zaxxer.hikari.HikariDataSource       : HikariPool-1 - Starting...
16:14:52:709  INFO 12672 --- [http-nio-8083-exec-1] com.zaxxer.hikari.HikariDataSource       : HikariPool-1 - Start completed.
16:14:52:717 DEBUG 12672 --- [http-nio-8083-exec-1] c.h.i.mapper.ItemMapper.selectBatchIds   : ==>  Preparing: SELECT id,name,price,stock,image,category,brand,spec,sold,comment_count,isAD,status,create_time,update_time,creater,updater FROM item WHERE id IN ( ? )
16:14:52:745 DEBUG 12672 --- [http-nio-8083-exec-1] c.h.i.mapper.ItemMapper.selectBatchIds   : ==> Parameters: 2030774(Long)
16:14:52:778 DEBUG 12672 --- [http-nio-8083-exec-1] c.h.i.mapper.ItemMapper.selectBatchIds   : <==      Total: 1
16:14:53:779  INFO 23928 --- [http-nio-8081-exec-2] o.a.c.c.C.[Tomcat].[localhost].[/]       : Initializing Spring DispatcherServlet 'dispatcherServlet'
16:14:53:779  INFO 23928 --- [http-nio-8081-exec-2] o.s.web.servlet.DispatcherServlet        : Initializing Servlet 'dispatcherServlet'
16:14:53:780  INFO 23928 --- [http-nio-8081-exec-2] o.s.web.servlet.DispatcherServlet        : Completed initialization in 1 ms
16:14:53:871  WARN 23928 --- [http-nio-8081-exec-2] c.h.item.service.impl.ItemServiceImpl    : SqlSession [org.apache.ibatis.session.defaults.DefaultSqlSession@499a4613] Transaction not enabled
16:14:53:885  INFO 23928 --- [http-nio-8081-exec-2] com.zaxxer.hikari.HikariDataSource       : HikariPool-1 - Starting...
16:14:54:173  INFO 23928 --- [http-nio-8081-exec-2] com.zaxxer.hikari.HikariDataSource       : HikariPool-1 - Start completed.
16:14:54:183 DEBUG 23928 --- [http-nio-8081-exec-2] c.h.item.mapper.ItemMapper.updateStock   : ==>  Preparing: UPDATE item SET stock = stock - ? WHERE id = ?
16:14:54:211 DEBUG 23928 --- [http-nio-8081-exec-2] c.h.item.mapper.ItemMapper.updateStock   : ==> Parameters: 1(Integer), 2030774(Long)
16:15:55:185 DEBUG 12672 --- [http-nio-8083-exec-9] c.h.i.mapper.ItemMapper.selectBatchIds   : ==>  Preparing: SELECT id,name,price,stock,image,category,brand,spec,sold,comment_count,isAD,status,create_time,update_time,creater,updater FROM item WHERE id IN ( ? )
16:15:55:186 DEBUG 12672 --- [http-nio-8083-exec-9] c.h.i.mapper.ItemMapper.selectBatchIds   : ==> Parameters: 2030774(Long)
16:15:55:189 DEBUG 12672 --- [http-nio-8083-exec-9] c.h.i.mapper.ItemMapper.selectBatchIds   : <==      Total: 1
16:15:55:219  WARN 23928 --- [http-nio-8081-exec-3] c.h.item.service.impl.ItemServiceImpl    : SqlSession [org.apache.ibatis.session.defaults.DefaultSqlSession@5f762f41] Transaction not enabled
16:15:55:221 DEBUG 23928 --- [http-nio-8081-exec-3] c.h.item.mapper.ItemMapper.updateStock   : ==>  Preparing: UPDATE item SET stock = stock - ? WHERE id = ?
16:15:55:221 DEBUG 23928 --- [http-nio-8081-exec-3] c.h.item.mapper.ItemMapper.updateStock   : ==> Parameters: 1(Integer), 2030774(Long)
16:16:49:893 DEBUG 23928 --- [http-nio-8081-exec-5] c.h.i.m.ItemMapper.selectList_mpCount    : ==>  Preparing: SELECT COUNT(*) AS total FROM item WHERE (status = ?)
16:16:49:894 DEBUG 23928 --- [http-nio-8081-exec-5] c.h.i.m.ItemMapper.selectList_mpCount    : ==> Parameters: 1(Integer)
16:16:49:939 DEBUG 23928 --- [http-nio-8081-exec-5] c.h.i.m.ItemMapper.selectList_mpCount    : <==      Total: 1
16:16:49:953 DEBUG 23928 --- [http-nio-8081-exec-5] c.h.item.mapper.ItemMapper.selectList    : ==>  Preparing: SELECT id, name, price, stock, image, category, brand, spec, sold, comment_count, isAD, status, create_time, update_time, creater, updater FROM item WHERE (status = ?) ORDER BY update_time DESC LIMIT ?
16:16:49:953 DEBUG 23928 --- [http-nio-8081-exec-5] c.h.item.mapper.ItemMapper.selectList    : ==> Parameters: 1(Integer), 20(Long)
16:16:49:972 DEBUG 23928 --- [http-nio-8081-exec-5] c.h.item.mapper.ItemMapper.selectList    : <==      Total: 20
16:19:52:552  WARN 12672 --- [Thread-7] c.a.n.common.http.HttpClientBeanHolder   : [HttpClientBeanHolder] Start destroying common HttpClient
16:19:52:553  WARN 12672 --- [Thread-4] c.a.nacos.common.notify.NotifyCenter     : [NotifyCenter] Start destroying Publisher
16:19:52:553  WARN 12672 --- [Thread-4] c.a.nacos.common.notify.NotifyCenter     : [NotifyCenter] Destruction of the end
16:19:52:553  WARN 12672 --- [Thread-7] c.a.n.common.http.HttpClientBeanHolder   : [HttpClientBeanHolder] Destruction of the end
16:19:52:584  WARN 23928 --- [Thread-4] c.a.nacos.common.notify.NotifyCenter     : [NotifyCenter] Start destroying Publisher
16:19:52:584  WARN 23928 --- [Thread-7] c.a.n.common.http.HttpClientBeanHolder   : [HttpClientBeanHolder] Start destroying common HttpClient
16:19:52:585  WARN 23928 --- [Thread-4] c.a.nacos.common.notify.NotifyCenter     : [NotifyCenter] Destruction of the end
16:19:52:586  WARN 23928 --- [Thread-7] c.a.n.common.http.HttpClientBeanHolder   : [HttpClientBeanHolder] Destruction of the end
16:19:52:634  INFO 12672 --- [SpringApplicationShutdownHook] c.a.c.n.registry.NacosServiceRegistry    : De-registering from Nacos Server now...
16:19:52:647  INFO 12672 --- [SpringApplicationShutdownHook] c.a.c.n.registry.NacosServiceRegistry    : De-registration finished.
16:19:52:653  INFO 23928 --- [SpringApplicationShutdownHook] c.a.c.n.registry.NacosServiceRegistry    : De-registering from Nacos Server now...
16:19:52:659  INFO 23928 --- [SpringApplicationShutdownHook] c.a.c.n.registry.NacosServiceRegistry    : De-registration finished.
16:19:52:984  INFO 12672 --- [SpringApplicationShutdownHook] com.alibaba.nacos.common.remote.client   : Shutdown rpc client, set status to shutdown
16:19:52:985  INFO 12672 --- [SpringApplicationShutdownHook] com.alibaba.nacos.common.remote.client   : Shutdown client event executor java.util.concurrent.ScheduledThreadPoolExecutor@5cb24591[Running, pool size = 2, active threads = 2, queued tasks = 0, completed tasks = 0]
16:19:52:985  INFO 12672 --- [SpringApplicationShutdownHook] com.alibaba.nacos.common.remote.client   : Close current connection 1777104808880_192.168.26.1_62360
16:19:52:991  INFO 12672 --- [nacos-grpc-client-executor-95] c.a.n.c.remote.client.grpc.GrpcClient    : [1777104808880_192.168.26.1_62360]Ignore complete event,isRunning:false,isAbandon=false
16:19:53:006  INFO 12672 --- [SpringApplicationShutdownHook] c.a.n.c.remote.client.grpc.GrpcClient    : Shutdown grpc executor java.util.concurrent.ThreadPoolExecutor@97ad4b3[Running, pool size = 5, active threads = 0, queued tasks = 0, completed tasks = 96]
16:19:53:010  INFO 23928 --- [SpringApplicationShutdownHook] com.alibaba.nacos.common.remote.client   : Shutdown rpc client, set status to shutdown
16:19:53:010  INFO 23928 --- [SpringApplicationShutdownHook] com.alibaba.nacos.common.remote.client   : Shutdown client event executor java.util.concurrent.ScheduledThreadPoolExecutor@466a743d[Running, pool size = 2, active threads = 2, queued tasks = 0, completed tasks = 0]
16:19:53:012  INFO 23928 --- [SpringApplicationShutdownHook] com.alibaba.nacos.common.remote.client   : Close current connection 1777104824772_192.168.26.1_62392
16:19:53:014  INFO 12672 --- [SpringApplicationShutdownHook] com.zaxxer.hikari.HikariDataSource       : HikariPool-1 - Shutdown initiated...
16:19:53:019  INFO 23928 --- [nacos-grpc-client-executor-95] c.a.n.c.remote.client.grpc.GrpcClient    : [1777104824772_192.168.26.1_62392]Ignore complete event,isRunning:false,isAbandon=false
16:19:53:026  INFO 23928 --- [SpringApplicationShutdownHook] c.a.n.c.remote.client.grpc.GrpcClient    : Shutdown grpc executor java.util.concurrent.ThreadPoolExecutor@28831eee[Running, pool size = 5, active threads = 0, queued tasks = 0, completed tasks = 96]
16:19:53:033  INFO 23928 --- [SpringApplicationShutdownHook] com.zaxxer.hikari.HikariDataSource       : HikariPool-1 - Shutdown initiated...
16:19:53:050  INFO 12672 --- [SpringApplicationShutdownHook] com.zaxxer.hikari.HikariDataSource       : HikariPool-1 - Shutdown completed.
16:19:53:061  INFO 23928 --- [SpringApplicationShutdownHook] com.zaxxer.hikari.HikariDataSource       : HikariPool-1 - Shutdown completed.
