13:46:39:390  INFO 17204 --- [main] com.hmall.user.UserApplication           : The following 1 profile is active: "local"
13:46:44:167  INFO 17204 --- [main] o.s.cloud.context.scope.GenericScope     : BeanFactory id=8d419b59-0221-3425-b521-7a84f1ac7642
13:46:46:334  INFO 17204 --- [main] o.s.b.w.embedded.tomcat.TomcatWebServer  : Tomcat initialized with port(s): 8084 (http)
13:46:46:394  INFO 17204 --- [main] o.apache.catalina.core.StandardService   : Starting service [Tomcat]
13:46:46:396  INFO 17204 --- [main] org.apache.catalina.core.StandardEngine  : Starting Servlet engine: [Apache Tomcat/9.0.75]
13:46:46:949  INFO 17204 --- [main] o.a.c.c.C.[Tomcat].[localhost].[/]       : Initializing Spring embedded WebApplicationContext
13:46:46:954  INFO 17204 --- [main] w.s.c.ServletWebServerApplicationContext : Root WebApplicationContext: initialization completed in 7402 ms
13:46:56:020  INFO 17204 --- [main] pertySourcedRequestMappingHandlerMapping : Mapped URL path [/v2/api-docs] onto method [springfox.documentation.swagger2.web.Swagger2ControllerWebMvc#getDocumentation(String, HttpServletRequest)]
13:46:57:594  INFO 17204 --- [main] com.alibaba.nacos.common.remote.client   : [RpcClientFactory] create a new rpc client of f26c2f71-1db4-4f7e-ba4b-b0ed95b1ea3e
13:46:57:594  INFO 17204 --- [main] com.alibaba.nacos.common.remote.client   : [f26c2f71-1db4-4f7e-ba4b-b0ed95b1ea3e] RpcClient init label, labels = {module=naming, source=sdk}
13:46:57:602  INFO 17204 --- [main] com.alibaba.nacos.common.remote.client   : [f26c2f71-1db4-4f7e-ba4b-b0ed95b1ea3e] RpcClient init, ServerListFactory = com.alibaba.nacos.client.naming.core.ServerListManager
13:46:57:605  INFO 17204 --- [main] com.alibaba.nacos.common.remote.client   : [f26c2f71-1db4-4f7e-ba4b-b0ed95b1ea3e] Registry connection listener to current client:com.alibaba.nacos.client.naming.remote.gprc.redo.NamingGrpcRedoService
13:46:57:606  INFO 17204 --- [main] com.alibaba.nacos.common.remote.client   : [f26c2f71-1db4-4f7e-ba4b-b0ed95b1ea3e] Register server push request handler:com.alibaba.nacos.client.naming.remote.gprc.NamingPushRequestHandler
13:46:57:610  INFO 17204 --- [main] com.alibaba.nacos.common.remote.client   : [f26c2f71-1db4-4f7e-ba4b-b0ed95b1ea3e] Try to connect to server on start up, server: {serverIp = '192.168.26.131', server main port = 8848}
13:46:57:804  INFO 17204 --- [main] com.alibaba.nacos.common.remote.client   : [f26c2f71-1db4-4f7e-ba4b-b0ed95b1ea3e] Success to connect to server [192.168.26.131:8848] on start up, connectionId = 1777182417426_192.168.26.1_59921
13:46:57:806  INFO 17204 --- [com.alibaba.nacos.client.remote.worker] com.alibaba.nacos.common.remote.client   : [f26c2f71-1db4-4f7e-ba4b-b0ed95b1ea3e] Notify connected event to listeners.
13:46:57:806  INFO 17204 --- [main] com.alibaba.nacos.common.remote.client   : [f26c2f71-1db4-4f7e-ba4b-b0ed95b1ea3e] Register server push request handler:com.alibaba.nacos.common.remote.client.RpcClient$ConnectResetRequestHandler
13:46:57:806  INFO 17204 --- [main] com.alibaba.nacos.common.remote.client   : [f26c2f71-1db4-4f7e-ba4b-b0ed95b1ea3e] Register server push request handler:com.alibaba.nacos.common.remote.client.RpcClient$$Lambda$483/0x00000190a04ca6e0
13:46:57:989  INFO 17204 --- [main] o.s.b.w.embedded.tomcat.TomcatWebServer  : Tomcat started on port(s): 8084 (http) with context path ''
13:46:58:043  INFO 17204 --- [main] c.a.c.n.registry.NacosServiceRegistry    : nacos registry, DEFAULT_GROUP user-service 192.168.44.1:8084 register finished
13:46:58:435  INFO 17204 --- [nacos-grpc-client-executor-8] com.alibaba.nacos.common.remote.client   : [f26c2f71-1db4-4f7e-ba4b-b0ed95b1ea3e] Receive server push request, request = NotifySubscriberRequest, requestId = 3
13:46:58:460  INFO 17204 --- [nacos-grpc-client-executor-8] com.alibaba.nacos.common.remote.client   : [f26c2f71-1db4-4f7e-ba4b-b0ed95b1ea3e] Ack server push request, request = NotifySubscriberRequest, requestId = 3
13:46:58:643  INFO 17204 --- [main] d.s.w.p.DocumentationPluginsBootstrapper : Documentation plugins bootstrapped
13:46:58:650  INFO 17204 --- [main] d.s.w.p.DocumentationPluginsBootstrapper : Found 1 custom documentation plugin(s)
13:46:58:713  INFO 17204 --- [main] s.d.s.w.s.ApiListingReferenceScanner     : Scanning for api listing references
13:46:58:943  INFO 17204 --- [main] com.hmall.user.UserApplication           : Started UserApplication in 29.028 seconds (JVM running for 30.633)
13:46:58:956  INFO 17204 --- [main] c.a.c.n.refresh.NacosContextRefresher    : [Nacos Config] Listening config: dataId=user-service.yaml, group=DEFAULT_GROUP
13:46:58:956  INFO 17204 --- [main] c.a.c.n.refresh.NacosContextRefresher    : [Nacos Config] Listening config: dataId=user-service-local.yaml, group=DEFAULT_GROUP
13:46:58:958  INFO 17204 --- [main] c.a.c.n.refresh.NacosContextRefresher    : [Nacos Config] Listening config: dataId=user-service, group=DEFAULT_GROUP
14:01:23:715  INFO 17204 --- [http-nio-8084-exec-2] o.a.c.c.C.[Tomcat].[localhost].[/]       : Initializing Spring DispatcherServlet 'dispatcherServlet'
14:01:23:715  INFO 17204 --- [http-nio-8084-exec-2] o.s.web.servlet.DispatcherServlet        : Initializing Servlet 'dispatcherServlet'
14:01:23:717  INFO 17204 --- [http-nio-8084-exec-2] o.s.web.servlet.DispatcherServlet        : Completed initialization in 2 ms
14:01:23:937  INFO 17204 --- [http-nio-8084-exec-2] com.zaxxer.hikari.HikariDataSource       : HikariPool-1 - Starting...
14:01:24:350  INFO 17204 --- [http-nio-8084-exec-2] com.zaxxer.hikari.HikariDataSource       : HikariPool-1 - Start completed.
14:01:24:359 DEBUG 17204 --- [http-nio-8084-exec-2] c.h.user.mapper.UserMapper.selectList    : ==>  Preparing: SELECT id,username,password,phone,create_time,update_time,status,balance FROM user WHERE (username = ?)
14:01:24:391 DEBUG 17204 --- [http-nio-8084-exec-2] c.h.user.mapper.UserMapper.selectList    : ==> Parameters: jack(String)
14:01:24:441 DEBUG 17204 --- [http-nio-8084-exec-2] c.h.user.mapper.UserMapper.selectList    : <==      Total: 1
14:47:39:704  WARN 17204 --- [Thread-5] c.a.nacos.common.notify.NotifyCenter     : [NotifyCenter] Start destroying Publisher
14:47:39:704  WARN 17204 --- [Thread-1] c.a.n.common.http.HttpClientBeanHolder   : [HttpClientBeanHolder] Start destroying common HttpClient
14:47:39:704  WARN 17204 --- [Thread-5] c.a.nacos.common.notify.NotifyCenter     : [NotifyCenter] Destruction of the end
14:47:39:707  WARN 17204 --- [Thread-1] c.a.n.common.http.HttpClientBeanHolder   : [HttpClientBeanHolder] Destruction of the end
14:47:39:770  INFO 17204 --- [SpringApplicationShutdownHook] c.a.c.n.registry.NacosServiceRegistry    : De-registering from Nacos Server now...
14:47:39:775  INFO 17204 --- [SpringApplicationShutdownHook] c.a.c.n.registry.NacosServiceRegistry    : De-registration finished.
14:47:40:105  INFO 17204 --- [SpringApplicationShutdownHook] com.alibaba.nacos.common.remote.client   : Shutdown rpc client, set status to shutdown
14:47:40:106  INFO 17204 --- [SpringApplicationShutdownHook] com.alibaba.nacos.common.remote.client   : Shutdown client event executor java.util.concurrent.ScheduledThreadPoolExecutor@f8a306c[Running, pool size = 2, active threads = 2, queued tasks = 0, completed tasks = 0]
14:47:40:106  INFO 17204 --- [SpringApplicationShutdownHook] com.alibaba.nacos.common.remote.client   : Close current connection 1777182417426_192.168.26.1_59921
14:47:40:111  INFO 17204 --- [nacos-grpc-client-executor-742] c.a.n.c.remote.client.grpc.GrpcClient    : [1777182417426_192.168.26.1_59921]Ignore complete event,isRunning:false,isAbandon=false
14:47:40:117  INFO 17204 --- [SpringApplicationShutdownHook] c.a.n.c.remote.client.grpc.GrpcClient    : Shutdown grpc executor java.util.concurrent.ThreadPoolExecutor@13ea7730[Running, pool size = 5, active threads = 0, queued tasks = 0, completed tasks = 743]
14:47:40:123  INFO 17204 --- [SpringApplicationShutdownHook] com.zaxxer.hikari.HikariDataSource       : HikariPool-1 - Shutdown initiated...
14:47:40:142  INFO 17204 --- [SpringApplicationShutdownHook] com.zaxxer.hikari.HikariDataSource       : HikariPool-1 - Shutdown completed.
15:23:05:028  INFO 45452 --- [main] com.hmall.user.UserApplication           : The following 1 profile is active: "local"
15:23:05:943  INFO 45452 --- [main] o.s.cloud.context.scope.GenericScope     : BeanFactory id=8d419b59-0221-3425-b521-7a84f1ac7642
15:23:06:345  INFO 45452 --- [main] o.s.b.w.embedded.tomcat.TomcatWebServer  : Tomcat initialized with port(s): 8084 (http)
15:23:06:354  INFO 45452 --- [main] o.apache.catalina.core.StandardService   : Starting service [Tomcat]
15:23:06:354  INFO 45452 --- [main] org.apache.catalina.core.StandardEngine  : Starting Servlet engine: [Apache Tomcat/9.0.75]
15:23:06:469  INFO 45452 --- [main] o.a.c.c.C.[Tomcat].[localhost].[/]       : Initializing Spring embedded WebApplicationContext
15:23:06:469  INFO 45452 --- [main] w.s.c.ServletWebServerApplicationContext : Root WebApplicationContext: initialization completed in 1426 ms
15:23:08:181  INFO 45452 --- [main] pertySourcedRequestMappingHandlerMapping : Mapped URL path [/v2/api-docs] onto method [springfox.documentation.swagger2.web.Swagger2ControllerWebMvc#getDocumentation(String, HttpServletRequest)]
15:23:08:666  INFO 45452 --- [main] com.alibaba.nacos.common.remote.client   : [RpcClientFactory] create a new rpc client of 060aa028-96dd-4f10-b63d-ab0ce9ca87c9
15:23:08:666  INFO 45452 --- [main] com.alibaba.nacos.common.remote.client   : [060aa028-96dd-4f10-b63d-ab0ce9ca87c9] RpcClient init label, labels = {module=naming, source=sdk}
15:23:08:668  INFO 45452 --- [main] com.alibaba.nacos.common.remote.client   : [060aa028-96dd-4f10-b63d-ab0ce9ca87c9] RpcClient init, ServerListFactory = com.alibaba.nacos.client.naming.core.ServerListManager
15:23:08:668  INFO 45452 --- [main] com.alibaba.nacos.common.remote.client   : [060aa028-96dd-4f10-b63d-ab0ce9ca87c9] Registry connection listener to current client:com.alibaba.nacos.client.naming.remote.gprc.redo.NamingGrpcRedoService
15:23:08:669  INFO 45452 --- [main] com.alibaba.nacos.common.remote.client   : [060aa028-96dd-4f10-b63d-ab0ce9ca87c9] Register server push request handler:com.alibaba.nacos.client.naming.remote.gprc.NamingPushRequestHandler
15:23:08:669  INFO 45452 --- [main] com.alibaba.nacos.common.remote.client   : [060aa028-96dd-4f10-b63d-ab0ce9ca87c9] Try to connect to server on start up, server: {serverIp = '192.168.26.131', server main port = 8848}
15:23:08:806  INFO 45452 --- [main] com.alibaba.nacos.common.remote.client   : [060aa028-96dd-4f10-b63d-ab0ce9ca87c9] Success to connect to server [192.168.26.131:8848] on start up, connectionId = 1777188188176_192.168.26.1_60708
15:23:08:806  INFO 45452 --- [main] com.alibaba.nacos.common.remote.client   : [060aa028-96dd-4f10-b63d-ab0ce9ca87c9] Register server push request handler:com.alibaba.nacos.common.remote.client.RpcClient$ConnectResetRequestHandler
15:23:08:806  INFO 45452 --- [com.alibaba.nacos.client.remote.worker] com.alibaba.nacos.common.remote.client   : [060aa028-96dd-4f10-b63d-ab0ce9ca87c9] Notify connected event to listeners.
15:23:08:806  INFO 45452 --- [main] com.alibaba.nacos.common.remote.client   : [060aa028-96dd-4f10-b63d-ab0ce9ca87c9] Register server push request handler:com.alibaba.nacos.common.remote.client.RpcClient$$Lambda$484/0x00000139014ecb18
15:23:08:864  INFO 45452 --- [main] o.s.b.w.embedded.tomcat.TomcatWebServer  : Tomcat started on port(s): 8084 (http) with context path ''
15:23:08:876  INFO 45452 --- [main] c.a.c.n.registry.NacosServiceRegistry    : nacos registry, DEFAULT_GROUP user-service 192.168.44.1:8084 register finished
15:23:09:160  INFO 45452 --- [main] d.s.w.p.DocumentationPluginsBootstrapper : Documentation plugins bootstrapped
15:23:09:164  INFO 45452 --- [main] d.s.w.p.DocumentationPluginsBootstrapper : Found 1 custom documentation plugin(s)
15:23:09:187  INFO 45452 --- [main] s.d.s.w.s.ApiListingReferenceScanner     : Scanning for api listing references
15:23:09:311  INFO 45452 --- [main] com.hmall.user.UserApplication           : Started UserApplication in 7.615 seconds (JVM running for 8.615)
15:23:09:317  INFO 45452 --- [main] c.a.c.n.refresh.NacosContextRefresher    : [Nacos Config] Listening config: dataId=user-service.yaml, group=DEFAULT_GROUP
15:23:09:317  INFO 45452 --- [main] c.a.c.n.refresh.NacosContextRefresher    : [Nacos Config] Listening config: dataId=user-service-local.yaml, group=DEFAULT_GROUP
15:23:09:317  INFO 45452 --- [main] c.a.c.n.refresh.NacosContextRefresher    : [Nacos Config] Listening config: dataId=user-service, group=DEFAULT_GROUP
15:23:09:408  INFO 45452 --- [nacos-grpc-client-executor-6] com.alibaba.nacos.common.remote.client   : [060aa028-96dd-4f10-b63d-ab0ce9ca87c9] Receive server push request, request = NotifySubscriberRequest, requestId = 27
15:23:09:421  INFO 45452 --- [nacos-grpc-client-executor-6] com.alibaba.nacos.common.remote.client   : [060aa028-96dd-4f10-b63d-ab0ce9ca87c9] Ack server push request, request = NotifySubscriberRequest, requestId = 27
15:23:13:260  INFO 45452 --- [http-nio-8084-exec-1] o.a.c.c.C.[Tomcat].[localhost].[/]       : Initializing Spring DispatcherServlet 'dispatcherServlet'
15:23:13:261  INFO 45452 --- [http-nio-8084-exec-1] o.s.web.servlet.DispatcherServlet        : Initializing Servlet 'dispatcherServlet'
15:23:13:261  INFO 45452 --- [http-nio-8084-exec-1] o.s.web.servlet.DispatcherServlet        : Completed initialization in 0 ms
15:23:13:473  INFO 45452 --- [http-nio-8084-exec-1] com.zaxxer.hikari.HikariDataSource       : HikariPool-1 - Starting...
15:23:13:812  INFO 45452 --- [http-nio-8084-exec-1] com.zaxxer.hikari.HikariDataSource       : HikariPool-1 - Start completed.
15:23:13:821 DEBUG 45452 --- [http-nio-8084-exec-1] c.h.user.mapper.UserMapper.selectList    : ==>  Preparing: SELECT id,username,password,phone,create_time,update_time,status,balance FROM user WHERE (username = ?)
15:23:13:843 DEBUG 45452 --- [http-nio-8084-exec-1] c.h.user.mapper.UserMapper.selectList    : ==> Parameters: jack(String)
15:23:13:878 DEBUG 45452 --- [http-nio-8084-exec-1] c.h.user.mapper.UserMapper.selectList    : <==      Total: 1
15:53:47:171 DEBUG 45452 --- [http-nio-8084-exec-3] c.h.user.mapper.UserMapper.selectList    : ==>  Preparing: SELECT id,username,password,phone,create_time,update_time,status,balance FROM user WHERE (username = ?)
15:53:47:175 DEBUG 45452 --- [http-nio-8084-exec-3] c.h.user.mapper.UserMapper.selectList    : ==> Parameters: jack(String)
15:53:47:183 DEBUG 45452 --- [http-nio-8084-exec-3] c.h.user.mapper.UserMapper.selectList    : <==      Total: 1
16:46:21:105  WARN 45452 --- [Thread-1] c.a.n.common.http.HttpClientBeanHolder   : [HttpClientBeanHolder] Start destroying common HttpClient
16:46:21:105  WARN 45452 --- [Thread-5] c.a.nacos.common.notify.NotifyCenter     : [NotifyCenter] Start destroying Publisher
16:46:21:138  WARN 45452 --- [Thread-5] c.a.nacos.common.notify.NotifyCenter     : [NotifyCenter] Destruction of the end
16:46:21:205  WARN 45452 --- [Thread-1] c.a.n.common.http.HttpClientBeanHolder   : [HttpClientBeanHolder] Destruction of the end
16:46:21:822  INFO 45452 --- [SpringApplicationShutdownHook] c.a.c.n.registry.NacosServiceRegistry    : De-registering from Nacos Server now...
16:46:21:838  INFO 45452 --- [SpringApplicationShutdownHook] c.a.c.n.registry.NacosServiceRegistry    : De-registration finished.
16:46:22:177  INFO 45452 --- [SpringApplicationShutdownHook] com.alibaba.nacos.common.remote.client   : Shutdown rpc client, set status to shutdown
16:46:22:179  INFO 45452 --- [SpringApplicationShutdownHook] com.alibaba.nacos.common.remote.client   : Shutdown client event executor java.util.concurrent.ScheduledThreadPoolExecutor@3263c4db[Running, pool size = 2, active threads = 2, queued tasks = 0, completed tasks = 0]
16:46:22:180  INFO 45452 --- [SpringApplicationShutdownHook] com.alibaba.nacos.common.remote.client   : Close current connection 1777188188176_192.168.26.1_60708
16:46:22:191  INFO 45452 --- [nacos-grpc-client-executor-1020] c.a.n.c.remote.client.grpc.GrpcClient    : [1777188188176_192.168.26.1_60708]Ignore complete event,isRunning:false,isAbandon=false
16:46:22:278  INFO 45452 --- [SpringApplicationShutdownHook] c.a.n.c.remote.client.grpc.GrpcClient    : Shutdown grpc executor java.util.concurrent.ThreadPoolExecutor@5eed05dd[Running, pool size = 4, active threads = 0, queued tasks = 0, completed tasks = 1021]
16:46:22:319  INFO 45452 --- [SpringApplicationShutdownHook] com.zaxxer.hikari.HikariDataSource       : HikariPool-1 - Shutdown initiated...
16:46:22:501  INFO 45452 --- [SpringApplicationShutdownHook] com.zaxxer.hikari.HikariDataSource       : HikariPool-1 - Shutdown completed.
